<?xml version="1.0" encoding="UTF-8"?>
<coverage generated="1765161417470" clover="3.2.0">
  <project timestamp="1765161417470" name="All files">
    <metrics statements="145" coveredstatements="102" conditionals="90" coveredconditionals="58" methods="12" coveredmethods="12" elements="247" coveredelements="172" complexity="0" loc="145" ncloc="145" packages="1" files="1" classes="1"/>
    <file name="aiService.js" path="C:\Users\lui_h\OneDrive\Documents\Code\GenAI\CSC698NeuralNote\backend\src\services\aiService.js">
      <metrics statements="145" coveredstatements="102" conditionals="90" coveredconditionals="58" methods="12" coveredmethods="12"/>
      <line num="6" count="1" type="stmt"/>
      <line num="8" count="1" type="stmt"/>
      <line num="9" count="1" type="stmt"/>
      <line num="12" count="1" type="stmt"/>
      <line num="23" count="1" type="stmt"/>
      <line num="72" count="38" type="stmt"/>
      <line num="73" count="38" type="stmt"/>
      <line num="75" count="38" type="stmt"/>
      <line num="76" count="266" type="stmt"/>
      <line num="77" count="266" type="stmt"/>
      <line num="78" count="2166" type="cond" truecount="2" falsecount="0"/>
      <line num="79" count="42" type="stmt"/>
      <line num="85" count="38" type="stmt"/>
      <line num="86" count="38" type="stmt"/>
      <line num="88" count="38" type="stmt"/>
      <line num="89" count="266" type="cond" truecount="2" falsecount="0"/>
      <line num="90" count="22" type="stmt"/>
      <line num="91" count="22" type="stmt"/>
      <line num="95" count="38" type="stmt"/>
      <line num="105" count="16" type="cond" truecount="2" falsecount="2"/>
      <line num="106" count="16" type="stmt"/>
      <line num="107" count="16" type="stmt"/>
      <line num="110" count="0" type="stmt"/>
      <line num="111" count="0" type="stmt"/>
      <line num="112" count="0" type="stmt"/>
      <line num="115" count="0" type="cond" truecount="0" falsecount="2"/>
      <line num="116" count="0" type="stmt"/>
      <line num="117" count="0" type="stmt"/>
      <line num="121" count="0" type="stmt"/>
      <line num="127" count="0" type="stmt"/>
      <line num="139" count="0" type="stmt"/>
      <line num="141" count="0" type="cond" truecount="0" falsecount="2"/>
      <line num="144" count="0" type="stmt"/>
      <line num="145" count="0" type="stmt"/>
      <line num="146" count="0" type="stmt"/>
      <line num="148" count="0" type="stmt"/>
      <line num="151" count="0" type="stmt"/>
      <line num="152" count="0" type="stmt"/>
      <line num="154" count="0" type="cond" truecount="0" falsecount="5"/>
      <line num="155" count="0" type="stmt"/>
      <line num="156" count="0" type="stmt"/>
      <line num="159" count="0" type="stmt"/>
      <line num="161" count="0" type="stmt"/>
      <line num="162" count="0" type="stmt"/>
      <line num="163" count="0" type="cond" truecount="0" falsecount="2"/>
      <line num="164" count="0" type="stmt"/>
      <line num="165" count="0" type="stmt"/>
      <line num="167" count="0" type="stmt"/>
      <line num="177" count="16" type="stmt"/>
      <line num="179" count="16" type="stmt"/>
      <line num="182" count="16" type="stmt"/>
      <line num="183" count="16" type="stmt"/>
      <line num="186" count="16" type="stmt"/>
      <line num="189" count="16" type="stmt"/>
      <line num="192" count="16" type="cond" truecount="2" falsecount="0"/>
      <line num="193" count="10" type="stmt"/>
      <line num="197" count="16" type="cond" truecount="2" falsecount="0"/>
      <line num="198" count="10" type="cond" truecount="2" falsecount="0"/>
      <line num="199" count="4" type="stmt"/>
      <line num="200" count="6" type="cond" truecount="2" falsecount="0"/>
      <line num="201" count="5" type="stmt"/>
      <line num="204" count="1" type="stmt"/>
      <line num="205" count="1" type="stmt"/>
      <line num="206" count="1" type="cond" truecount="1" falsecount="1"/>
      <line num="207" count="1" type="stmt"/>
      <line num="210" count="10" type="stmt"/>
      <line num="213" count="6" type="stmt"/>
      <line num="216" count="16" type="stmt"/>
      <line num="225" count="16" type="stmt"/>
      <line num="226" count="16" type="stmt"/>
      <line num="229" count="16" type="stmt"/>
      <line num="243" count="16" type="stmt"/>
      <line num="244" count="144" type="stmt"/>
      <line num="245" count="144" type="stmt"/>
      <line num="246" count="11" type="stmt"/>
      <line num="248" count="11" type="stmt"/>
      <line num="249" count="11" type="cond" truecount="1" falsecount="1"/>
      <line num="250" count="11" type="stmt"/>
      <line num="251" count="11" type="cond" truecount="1" falsecount="1"/>
      <line num="253" count="144" type="cond" truecount="1" falsecount="1"/>
      <line num="257" count="16" type="cond" truecount="2" falsecount="0"/>
      <line num="258" count="118" type="stmt"/>
      <line num="259" count="10" type="stmt"/>
      <line num="260" count="11" type="stmt"/>
      <line num="262" count="11" type="stmt"/>
      <line num="263" count="11" type="cond" truecount="2" falsecount="0"/>
      <line num="264" count="6" type="stmt"/>
      <line num="265" count="6" type="cond" truecount="1" falsecount="1"/>
      <line num="266" count="0" type="stmt"/>
      <line num="268" count="6" type="stmt"/>
      <line num="269" count="6" type="cond" truecount="2" falsecount="0"/>
      <line num="274" count="16" type="stmt"/>
      <line num="283" count="16" type="stmt"/>
      <line num="286" count="16" type="cond" truecount="5" falsecount="0"/>
      <line num="287" count="2" type="stmt"/>
      <line num="289" count="14" type="cond" truecount="4" falsecount="1"/>
      <line num="290" count="0" type="stmt"/>
      <line num="292" count="14" type="cond" truecount="3" falsecount="1"/>
      <line num="293" count="0" type="stmt"/>
      <line num="295" count="14" type="cond" truecount="5" falsecount="0"/>
      <line num="296" count="3" type="stmt"/>
      <line num="298" count="11" type="cond" truecount="4" falsecount="1"/>
      <line num="299" count="0" type="stmt"/>
      <line num="303" count="11" type="stmt"/>
      <line num="304" count="11" type="stmt"/>
      <line num="313" count="25" type="cond" truecount="2" falsecount="0"/>
      <line num="314" count="25" type="stmt"/>
      <line num="315" count="25" type="stmt"/>
      <line num="319" count="1" type="stmt"/>
      <line num="333" count="9" type="stmt"/>
      <line num="334" count="9" type="stmt"/>
      <line num="336" count="9" type="stmt"/>
      <line num="337" count="18" type="stmt"/>
      <line num="338" count="18" type="stmt"/>
      <line num="341" count="18" type="stmt"/>
      <line num="343" count="18" type="cond" truecount="2" falsecount="0"/>
      <line num="345" count="12" type="stmt"/>
      <line num="346" count="19" type="cond" truecount="2" falsecount="0"/>
      <line num="350" count="18" type="cond" truecount="2" falsecount="0"/>
      <line num="352" count="7" type="stmt"/>
      <line num="353" count="27" type="stmt"/>
      <line num="357" count="7" type="cond" truecount="2" falsecount="2"/>
      <line num="358" count="7" type="stmt"/>
      <line num="363" count="9" type="stmt"/>
      <line num="373" count="6" type="stmt"/>
      <line num="374" count="6" type="stmt"/>
      <line num="375" count="6" type="stmt"/>
      <line num="376" count="6" type="stmt"/>
      <line num="378" count="6" type="stmt"/>
      <line num="392" count="22" type="cond" truecount="2" falsecount="2"/>
      <line num="393" count="22" type="stmt"/>
      <line num="396" count="0" type="stmt"/>
      <line num="397" count="0" type="cond" truecount="0" falsecount="2"/>
      <line num="408" count="0" type="stmt"/>
      <line num="410" count="0" type="stmt"/>
      <line num="421" count="0" type="stmt"/>
      <line num="422" count="0" type="stmt"/>
      <line num="423" count="0" type="stmt"/>
      <line num="426" count="0" type="stmt"/>
      <line num="429" count="0" type="cond" truecount="0" falsecount="4"/>
      <line num="430" count="0" type="stmt"/>
      <line num="433" count="0" type="stmt"/>
      <line num="435" count="0" type="stmt"/>
      <line num="436" count="0" type="stmt"/>
      <line num="440" count="1" type="stmt"/>
    </file>
  </project>
</coverage>
