{"C:\\Users\\lui_h\\OneDrive\\Documents\\Code\\GenAI\\CSC698NeuralNote\\backend\\src\\services\\aiService.js": {"path":"C:\\Users\\lui_h\\OneDrive\\Documents\\Code\\GenAI\\CSC698NeuralNote\\backend\\src\\services\\aiService.js","statementMap":{"0":{"start":{"line":6,"column":24},"end":{"line":6,"column":57}},"1":{"start":{"line":8,"column":11},"end":{"line":8,"column":59}},"2":{"start":{"line":9,"column":24},"end":{"line":9,"column":62}},"3":{"start":{"line":12,"column":24},"end":{"line":20,"column":1}},"4":{"start":{"line":23,"column":21},"end":{"line":64,"column":1}},"5":{"start":{"line":72,"column":23},"end":{"line":72,"column":44}},"6":{"start":{"line":73,"column":24},"end":{"line":73,"column":26}},"7":{"start":{"line":75,"column":2},"end":{"line":82,"column":3}},"8":{"start":{"line":76,"column":4},"end":{"line":76,"column":31}},"9":{"start":{"line":77,"column":4},"end":{"line":81,"column":5}},"10":{"start":{"line":78,"column":6},"end":{"line":80,"column":7}},"11":{"start":{"line":79,"column":8},"end":{"line":79,"column":33}},"12":{"start":{"line":85,"column":17},"end":{"line":85,"column":18}},"13":{"start":{"line":86,"column":24},"end":{"line":86,"column":33}},"14":{"start":{"line":88,"column":2},"end":{"line":93,"column":3}},"15":{"start":{"line":89,"column":4},"end":{"line":92,"column":5}},"16":{"start":{"line":90,"column":6},"end":{"line":90,"column":23}},"17":{"start":{"line":91,"column":6},"end":{"line":91,"column":32}},"18":{"start":{"line":95,"column":2},"end":{"line":95,"column":25}},"19":{"start":{"line":105,"column":2},"end":{"line":108,"column":3}},"20":{"start":{"line":106,"column":4},"end":{"line":106,"column":88}},"21":{"start":{"line":107,"column":4},"end":{"line":107,"column":41}},"22":{"start":{"line":110,"column":2},"end":{"line":168,"column":3}},"23":{"start":{"line":111,"column":4},"end":{"line":111,"column":75}},"24":{"start":{"line":112,"column":4},"end":{"line":112,"column":69}},"25":{"start":{"line":115,"column":4},"end":{"line":118,"column":5}},"26":{"start":{"line":116,"column":6},"end":{"line":116,"column":68}},"27":{"start":{"line":117,"column":6},"end":{"line":117,"column":43}},"28":{"start":{"line":121,"column":19},"end":{"line":125,"column":35}},"29":{"start":{"line":127,"column":21},"end":{"line":137,"column":6}},"30":{"start":{"line":139,"column":4},"end":{"line":139,"column":83}},"31":{"start":{"line":141,"column":18},"end":{"line":141,"column":47}},"32":{"start":{"line":144,"column":4},"end":{"line":144,"column":44}},"33":{"start":{"line":145,"column":4},"end":{"line":145,"column":94}},"34":{"start":{"line":146,"column":4},"end":{"line":146,"column":57}},"35":{"start":{"line":148,"column":4},"end":{"line":148,"column":56}},"36":{"start":{"line":151,"column":25},"end":{"line":151,"column":53}},"37":{"start":{"line":152,"column":25},"end":{"line":152,"column":53}},"38":{"start":{"line":154,"column":4},"end":{"line":157,"column":5}},"39":{"start":{"line":155,"column":6},"end":{"line":155,"column":85}},"40":{"start":{"line":156,"column":6},"end":{"line":156,"column":43}},"41":{"start":{"line":159,"column":4},"end":{"line":159,"column":19}},"42":{"start":{"line":161,"column":4},"end":{"line":161,"column":69}},"43":{"start":{"line":162,"column":4},"end":{"line":162,"column":56}},"44":{"start":{"line":163,"column":4},"end":{"line":166,"column":5}},"45":{"start":{"line":164,"column":6},"end":{"line":164,"column":68}},"46":{"start":{"line":165,"column":6},"end":{"line":165,"column":64}},"47":{"start":{"line":167,"column":4},"end":{"line":167,"column":41}},"48":{"start":{"line":177,"column":2},"end":{"line":177,"column":53}},"49":{"start":{"line":179,"column":23},"end":{"line":179,"column":44}},"50":{"start":{"line":182,"column":18},"end":{"line":182,"column":40}},"51":{"start":{"line":183,"column":16},"end":{"line":183,"column":40}},"52":{"start":{"line":186,"column":21},"end":{"line":186,"column":47}},"53":{"start":{"line":189,"column":16},"end":{"line":189,"column":18}},"54":{"start":{"line":192,"column":2},"end":{"line":194,"column":3}},"55":{"start":{"line":193,"column":4},"end":{"line":193,"column":47}},"56":{"start":{"line":197,"column":2},"end":{"line":214,"column":3}},"57":{"start":{"line":198,"column":4},"end":{"line":209,"column":5}},"58":{"start":{"line":199,"column":6},"end":{"line":199,"column":31}},"59":{"start":{"line":200,"column":11},"end":{"line":209,"column":5}},"60":{"start":{"line":201,"column":6},"end":{"line":201,"column":57}},"61":{"start":{"line":204,"column":28},"end":{"line":204,"column":50}},"62":{"start":{"line":205,"column":6},"end":{"line":205,"column":42}},"63":{"start":{"line":206,"column":6},"end":{"line":208,"column":7}},"64":{"start":{"line":207,"column":8},"end":{"line":207,"column":32}},"65":{"start":{"line":210,"column":4},"end":{"line":210,"column":19}},"66":{"start":{"line":213,"column":4},"end":{"line":213,"column":40}},"67":{"start":{"line":216,"column":2},"end":{"line":216,"column":24}},"68":{"start":{"line":225,"column":21},"end":{"line":225,"column":23}},"69":{"start":{"line":226,"column":23},"end":{"line":226,"column":44}},"70":{"start":{"line":229,"column":25},"end":{"line":240,"column":3}},"71":{"start":{"line":243,"column":2},"end":{"line":254,"column":3}},"72":{"start":{"line":244,"column":20},"end":{"line":244,"column":45}},"73":{"start":{"line":245,"column":4},"end":{"line":252,"column":5}},"74":{"start":{"line":246,"column":23},"end":{"line":246,"column":38}},"75":{"start":{"line":248,"column":20},"end":{"line":248,"column":52}},"76":{"start":{"line":249,"column":6},"end":{"line":249,"column":49}},"77":{"start":{"line":249,"column":32},"end":{"line":249,"column":49}},"78":{"start":{"line":250,"column":6},"end":{"line":250,"column":31}},"79":{"start":{"line":251,"column":6},"end":{"line":251,"column":40}},"80":{"start":{"line":251,"column":34},"end":{"line":251,"column":40}},"81":{"start":{"line":253,"column":4},"end":{"line":253,"column":38}},"82":{"start":{"line":253,"column":32},"end":{"line":253,"column":38}},"83":{"start":{"line":257,"column":2},"end":{"line":272,"column":3}},"84":{"start":{"line":258,"column":22},"end":{"line":258,"column":79}},"85":{"start":{"line":258,"column":58},"end":{"line":258,"column":78}},"86":{"start":{"line":259,"column":4},"end":{"line":271,"column":5}},"87":{"start":{"line":260,"column":28},"end":{"line":260,"column":50}},"88":{"start":{"line":262,"column":24},"end":{"line":262,"column":129}},"89":{"start":{"line":263,"column":6},"end":{"line":270,"column":7}},"90":{"start":{"line":264,"column":22},"end":{"line":264,"column":37}},"91":{"start":{"line":265,"column":8},"end":{"line":267,"column":9}},"92":{"start":{"line":266,"column":10},"end":{"line":266,"column":53}},"93":{"start":{"line":268,"column":8},"end":{"line":268,"column":33}},"94":{"start":{"line":269,"column":8},"end":{"line":269,"column":42}},"95":{"start":{"line":269,"column":36},"end":{"line":269,"column":42}},"96":{"start":{"line":274,"column":2},"end":{"line":274,"column":20}},"97":{"start":{"line":283,"column":23},"end":{"line":283,"column":44}},"98":{"start":{"line":286,"column":2},"end":{"line":288,"column":3}},"99":{"start":{"line":287,"column":4},"end":{"line":287,"column":29}},"100":{"start":{"line":289,"column":2},"end":{"line":291,"column":3}},"101":{"start":{"line":290,"column":4},"end":{"line":290,"column":25}},"102":{"start":{"line":292,"column":2},"end":{"line":294,"column":3}},"103":{"start":{"line":293,"column":4},"end":{"line":293,"column":50}},"104":{"start":{"line":295,"column":2},"end":{"line":297,"column":3}},"105":{"start":{"line":296,"column":4},"end":{"line":296,"column":33}},"106":{"start":{"line":298,"column":2},"end":{"line":300,"column":3}},"107":{"start":{"line":299,"column":4},"end":{"line":299,"column":44}},"108":{"start":{"line":303,"column":18},"end":{"line":303,"column":40}},"109":{"start":{"line":304,"column":2},"end":{"line":304,"column":30}},"110":{"start":{"line":313,"column":30},"end":{"line":313,"column":75}},"111":{"start":{"line":314,"column":22},"end":{"line":314,"column":76}},"112":{"start":{"line":315,"column":2},"end":{"line":315,"column":42}},"113":{"start":{"line":319,"column":26},"end":{"line":324,"column":1}},"114":{"start":{"line":333,"column":23},"end":{"line":333,"column":44}},"115":{"start":{"line":334,"column":26},"end":{"line":334,"column":28}},"116":{"start":{"line":336,"column":2},"end":{"line":361,"column":3}},"117":{"start":{"line":337,"column":27},"end":{"line":337,"column":51}},"118":{"start":{"line":338,"column":23},"end":{"line":338,"column":48}},"119":{"start":{"line":341,"column":25},"end":{"line":341,"column":62}},"120":{"start":{"line":343,"column":4},"end":{"line":348,"column":5}},"121":{"start":{"line":345,"column":6},"end":{"line":347,"column":8}},"122":{"start":{"line":346,"column":8},"end":{"line":346,"column":54}},"123":{"start":{"line":350,"column":4},"end":{"line":360,"column":5}},"124":{"start":{"line":352,"column":35},"end":{"line":354,"column":7}},"125":{"start":{"line":353,"column":8},"end":{"line":353,"column":37}},"126":{"start":{"line":357,"column":6},"end":{"line":359,"column":7}},"127":{"start":{"line":358,"column":8},"end":{"line":358,"column":39}},"128":{"start":{"line":363,"column":2},"end":{"line":363,"column":25}},"129":{"start":{"line":373,"column":18},"end":{"line":373,"column":40}},"130":{"start":{"line":374,"column":18},"end":{"line":374,"column":48}},"131":{"start":{"line":375,"column":22},"end":{"line":375,"column":56}},"132":{"start":{"line":376,"column":25},"end":{"line":376,"column":67}},"133":{"start":{"line":378,"column":2},"end":{"line":383,"column":4}},"134":{"start":{"line":392,"column":2},"end":{"line":394,"column":3}},"135":{"start":{"line":393,"column":4},"end":{"line":393,"column":40}},"136":{"start":{"line":396,"column":2},"end":{"line":437,"column":3}},"137":{"start":{"line":397,"column":31},"end":{"line":406,"column":27}},"138":{"start":{"line":408,"column":19},"end":{"line":408,"column":189}},"139":{"start":{"line":410,"column":21},"end":{"line":418,"column":6}},"140":{"start":{"line":421,"column":21},"end":{"line":421,"column":44}},"141":{"start":{"line":422,"column":29},"end":{"line":422,"column":85}},"142":{"start":{"line":423,"column":22},"end":{"line":423,"column":65}},"143":{"start":{"line":426,"column":4},"end":{"line":426,"column":52}},"144":{"start":{"line":429,"column":4},"end":{"line":431,"column":5}},"145":{"start":{"line":430,"column":6},"end":{"line":430,"column":42}},"146":{"start":{"line":433,"column":4},"end":{"line":433,"column":23}},"147":{"start":{"line":435,"column":4},"end":{"line":435,"column":76}},"148":{"start":{"line":436,"column":4},"end":{"line":436,"column":40}},"149":{"start":{"line":440,"column":0},"end":{"line":447,"column":2}}},"fnMap":{"0":{"name":"detectEmotion","decl":{"start":{"line":71,"column":9},"end":{"line":71,"column":22}},"loc":{"start":{"line":71,"column":32},"end":{"line":96,"column":1}},"line":71},"1":{"name":"generateSummary","decl":{"start":{"line":103,"column":15},"end":{"line":103,"column":30}},"loc":{"start":{"line":103,"column":40},"end":{"line":169,"column":1}},"line":103},"2":{"name":"generateSummaryLocal","decl":{"start":{"line":176,"column":9},"end":{"line":176,"column":29}},"loc":{"start":{"line":176,"column":39},"end":{"line":217,"column":1}},"line":176},"3":{"name":"extractActivities","decl":{"start":{"line":224,"column":9},"end":{"line":224,"column":26}},"loc":{"start":{"line":224,"column":36},"end":{"line":275,"column":1}},"line":224},"4":{"name":"(anonymous_4)","decl":{"start":{"line":258,"column":53},"end":{"line":258,"column":54}},"loc":{"start":{"line":258,"column":58},"end":{"line":258,"column":78}},"line":258},"5":{"name":"detectMainTheme","decl":{"start":{"line":282,"column":9},"end":{"line":282,"column":24}},"loc":{"start":{"line":282,"column":34},"end":{"line":305,"column":1}},"line":282},"6":{"name":"getAffirmationLocal","decl":{"start":{"line":312,"column":9},"end":{"line":312,"column":28}},"loc":{"start":{"line":312,"column":38},"end":{"line":316,"column":1}},"line":312},"7":{"name":"detectCompletedHabits","decl":{"start":{"line":332,"column":9},"end":{"line":332,"column":30}},"loc":{"start":{"line":332,"column":52},"end":{"line":364,"column":1}},"line":332},"8":{"name":"(anonymous_8)","decl":{"start":{"line":345,"column":39},"end":{"line":345,"column":40}},"loc":{"start":{"line":346,"column":8},"end":{"line":346,"column":54}},"line":346},"9":{"name":"(anonymous_9)","decl":{"start":{"line":352,"column":58},"end":{"line":352,"column":59}},"loc":{"start":{"line":353,"column":8},"end":{"line":353,"column":37}},"line":353},"10":{"name":"generateReflection","decl":{"start":{"line":372,"column":15},"end":{"line":372,"column":33}},"loc":{"start":{"line":372,"column":60},"end":{"line":384,"column":1}},"line":372},"11":{"name":"generateAffirmation","decl":{"start":{"line":391,"column":15},"end":{"line":391,"column":34}},"loc":{"start":{"line":391,"column":44},"end":{"line":438,"column":1}},"line":391}},"branchMap":{"0":{"loc":{"start":{"line":78,"column":6},"end":{"line":80,"column":7}},"type":"if","locations":[{"start":{"line":78,"column":6},"end":{"line":80,"column":7}},{"start":{},"end":{}}],"line":78},"1":{"loc":{"start":{"line":89,"column":4},"end":{"line":92,"column":5}},"type":"if","locations":[{"start":{"line":89,"column":4},"end":{"line":92,"column":5}},{"start":{},"end":{}}],"line":89},"2":{"loc":{"start":{"line":105,"column":2},"end":{"line":108,"column":3}},"type":"if","locations":[{"start":{"line":105,"column":2},"end":{"line":108,"column":3}},{"start":{},"end":{}}],"line":105},"3":{"loc":{"start":{"line":105,"column":6},"end":{"line":105,"column":58}},"type":"binary-expr","locations":[{"start":{"line":105,"column":6},"end":{"line":105,"column":22}},{"start":{"line":105,"column":26},"end":{"line":105,"column":58}}],"line":105},"4":{"loc":{"start":{"line":115,"column":4},"end":{"line":118,"column":5}},"type":"if","locations":[{"start":{"line":115,"column":4},"end":{"line":118,"column":5}},{"start":{},"end":{}}],"line":115},"5":{"loc":{"start":{"line":141,"column":18},"end":{"line":141,"column":47}},"type":"binary-expr","locations":[{"start":{"line":141,"column":18},"end":{"line":141,"column":41}},{"start":{"line":141,"column":45},"end":{"line":141,"column":47}}],"line":141},"6":{"loc":{"start":{"line":154,"column":4},"end":{"line":157,"column":5}},"type":"if","locations":[{"start":{"line":154,"column":4},"end":{"line":157,"column":5}},{"start":{},"end":{}}],"line":154},"7":{"loc":{"start":{"line":154,"column":8},"end":{"line":154,"column":106}},"type":"binary-expr","locations":[{"start":{"line":154,"column":8},"end":{"line":154,"column":37}},{"start":{"line":154,"column":41},"end":{"line":154,"column":78}},{"start":{"line":154,"column":82},"end":{"line":154,"column":106}}],"line":154},"8":{"loc":{"start":{"line":163,"column":4},"end":{"line":166,"column":5}},"type":"if","locations":[{"start":{"line":163,"column":4},"end":{"line":166,"column":5}},{"start":{},"end":{}}],"line":163},"9":{"loc":{"start":{"line":192,"column":2},"end":{"line":194,"column":3}},"type":"if","locations":[{"start":{"line":192,"column":2},"end":{"line":194,"column":3}},{"start":{},"end":{}}],"line":192},"10":{"loc":{"start":{"line":197,"column":2},"end":{"line":214,"column":3}},"type":"if","locations":[{"start":{"line":197,"column":2},"end":{"line":214,"column":3}},{"start":{"line":211,"column":9},"end":{"line":214,"column":3}}],"line":197},"11":{"loc":{"start":{"line":198,"column":4},"end":{"line":209,"column":5}},"type":"if","locations":[{"start":{"line":198,"column":4},"end":{"line":209,"column":5}},{"start":{"line":200,"column":11},"end":{"line":209,"column":5}}],"line":198},"12":{"loc":{"start":{"line":200,"column":11},"end":{"line":209,"column":5}},"type":"if","locations":[{"start":{"line":200,"column":11},"end":{"line":209,"column":5}},{"start":{"line":202,"column":11},"end":{"line":209,"column":5}}],"line":200},"13":{"loc":{"start":{"line":206,"column":6},"end":{"line":208,"column":7}},"type":"if","locations":[{"start":{"line":206,"column":6},"end":{"line":208,"column":7}},{"start":{},"end":{}}],"line":206},"14":{"loc":{"start":{"line":249,"column":6},"end":{"line":249,"column":49}},"type":"if","locations":[{"start":{"line":249,"column":6},"end":{"line":249,"column":49}},{"start":{},"end":{}}],"line":249},"15":{"loc":{"start":{"line":251,"column":6},"end":{"line":251,"column":40}},"type":"if","locations":[{"start":{"line":251,"column":6},"end":{"line":251,"column":40}},{"start":{},"end":{}}],"line":251},"16":{"loc":{"start":{"line":253,"column":4},"end":{"line":253,"column":38}},"type":"if","locations":[{"start":{"line":253,"column":4},"end":{"line":253,"column":38}},{"start":{},"end":{}}],"line":253},"17":{"loc":{"start":{"line":257,"column":2},"end":{"line":272,"column":3}},"type":"if","locations":[{"start":{"line":257,"column":2},"end":{"line":272,"column":3}},{"start":{},"end":{}}],"line":257},"18":{"loc":{"start":{"line":263,"column":6},"end":{"line":270,"column":7}},"type":"if","locations":[{"start":{"line":263,"column":6},"end":{"line":270,"column":7}},{"start":{},"end":{}}],"line":263},"19":{"loc":{"start":{"line":265,"column":8},"end":{"line":267,"column":9}},"type":"if","locations":[{"start":{"line":265,"column":8},"end":{"line":267,"column":9}},{"start":{},"end":{}}],"line":265},"20":{"loc":{"start":{"line":269,"column":8},"end":{"line":269,"column":42}},"type":"if","locations":[{"start":{"line":269,"column":8},"end":{"line":269,"column":42}},{"start":{},"end":{}}],"line":269},"21":{"loc":{"start":{"line":286,"column":2},"end":{"line":288,"column":3}},"type":"if","locations":[{"start":{"line":286,"column":2},"end":{"line":288,"column":3}},{"start":{},"end":{}}],"line":286},"22":{"loc":{"start":{"line":286,"column":6},"end":{"line":286,"column":103}},"type":"binary-expr","locations":[{"start":{"line":286,"column":6},"end":{"line":286,"column":35}},{"start":{"line":286,"column":39},"end":{"line":286,"column":67}},{"start":{"line":286,"column":71},"end":{"line":286,"column":103}}],"line":286},"23":{"loc":{"start":{"line":289,"column":2},"end":{"line":291,"column":3}},"type":"if","locations":[{"start":{"line":289,"column":2},"end":{"line":291,"column":3}},{"start":{},"end":{}}],"line":289},"24":{"loc":{"start":{"line":289,"column":6},"end":{"line":289,"column":106}},"type":"binary-expr","locations":[{"start":{"line":289,"column":6},"end":{"line":289,"column":37}},{"start":{"line":289,"column":41},"end":{"line":289,"column":72}},{"start":{"line":289,"column":76},"end":{"line":289,"column":106}}],"line":289},"25":{"loc":{"start":{"line":292,"column":2},"end":{"line":294,"column":3}},"type":"if","locations":[{"start":{"line":292,"column":2},"end":{"line":294,"column":3}},{"start":{},"end":{}}],"line":292},"26":{"loc":{"start":{"line":292,"column":6},"end":{"line":292,"column":72}},"type":"binary-expr","locations":[{"start":{"line":292,"column":6},"end":{"line":292,"column":37}},{"start":{"line":292,"column":41},"end":{"line":292,"column":72}}],"line":292},"27":{"loc":{"start":{"line":295,"column":2},"end":{"line":297,"column":3}},"type":"if","locations":[{"start":{"line":295,"column":2},"end":{"line":297,"column":3}},{"start":{},"end":{}}],"line":295},"28":{"loc":{"start":{"line":295,"column":6},"end":{"line":295,"column":110}},"type":"binary-expr","locations":[{"start":{"line":295,"column":6},"end":{"line":295,"column":37}},{"start":{"line":295,"column":41},"end":{"line":295,"column":74}},{"start":{"line":295,"column":78},"end":{"line":295,"column":110}}],"line":295},"29":{"loc":{"start":{"line":298,"column":2},"end":{"line":300,"column":3}},"type":"if","locations":[{"start":{"line":298,"column":2},"end":{"line":300,"column":3}},{"start":{},"end":{}}],"line":298},"30":{"loc":{"start":{"line":298,"column":6},"end":{"line":298,"column":103}},"type":"binary-expr","locations":[{"start":{"line":298,"column":6},"end":{"line":298,"column":35}},{"start":{"line":298,"column":39},"end":{"line":298,"column":68}},{"start":{"line":298,"column":72},"end":{"line":298,"column":103}}],"line":298},"31":{"loc":{"start":{"line":313,"column":30},"end":{"line":313,"column":75}},"type":"binary-expr","locations":[{"start":{"line":313,"column":30},"end":{"line":313,"column":51}},{"start":{"line":313,"column":55},"end":{"line":313,"column":75}}],"line":313},"32":{"loc":{"start":{"line":343,"column":4},"end":{"line":348,"column":5}},"type":"if","locations":[{"start":{"line":343,"column":4},"end":{"line":348,"column":5}},{"start":{},"end":{}}],"line":343},"33":{"loc":{"start":{"line":346,"column":8},"end":{"line":346,"column":54}},"type":"binary-expr","locations":[{"start":{"line":346,"column":8},"end":{"line":346,"column":23}},{"start":{"line":346,"column":27},"end":{"line":346,"column":54}}],"line":346},"34":{"loc":{"start":{"line":350,"column":4},"end":{"line":360,"column":5}},"type":"if","locations":[{"start":{"line":350,"column":4},"end":{"line":360,"column":5}},{"start":{},"end":{}}],"line":350},"35":{"loc":{"start":{"line":357,"column":6},"end":{"line":359,"column":7}},"type":"if","locations":[{"start":{"line":357,"column":6},"end":{"line":359,"column":7}},{"start":{},"end":{}}],"line":357},"36":{"loc":{"start":{"line":357,"column":10},"end":{"line":357,"column":48}},"type":"binary-expr","locations":[{"start":{"line":357,"column":10},"end":{"line":357,"column":30}},{"start":{"line":357,"column":34},"end":{"line":357,"column":48}}],"line":357},"37":{"loc":{"start":{"line":372,"column":43},"end":{"line":372,"column":58}},"type":"default-arg","locations":[{"start":{"line":372,"column":56},"end":{"line":372,"column":58}}],"line":372},"38":{"loc":{"start":{"line":392,"column":2},"end":{"line":394,"column":3}},"type":"if","locations":[{"start":{"line":392,"column":2},"end":{"line":394,"column":3}},{"start":{},"end":{}}],"line":392},"39":{"loc":{"start":{"line":392,"column":6},"end":{"line":392,"column":58}},"type":"binary-expr","locations":[{"start":{"line":392,"column":6},"end":{"line":392,"column":22}},{"start":{"line":392,"column":26},"end":{"line":392,"column":58}}],"line":392},"40":{"loc":{"start":{"line":397,"column":31},"end":{"line":406,"column":27}},"type":"binary-expr","locations":[{"start":{"line":397,"column":31},"end":{"line":406,"column":14}},{"start":{"line":406,"column":18},"end":{"line":406,"column":27}}],"line":397},"41":{"loc":{"start":{"line":429,"column":4},"end":{"line":431,"column":5}},"type":"if","locations":[{"start":{"line":429,"column":4},"end":{"line":431,"column":5}},{"start":{},"end":{}}],"line":429},"42":{"loc":{"start":{"line":429,"column":8},"end":{"line":429,"column":46}},"type":"binary-expr","locations":[{"start":{"line":429,"column":8},"end":{"line":429,"column":20}},{"start":{"line":429,"column":24},"end":{"line":429,"column":46}}],"line":429}},"s":{"0":1,"1":1,"2":1,"3":1,"4":1,"5":38,"6":38,"7":38,"8":266,"9":266,"10":2166,"11":42,"12":38,"13":38,"14":38,"15":266,"16":22,"17":22,"18":38,"19":16,"20":16,"21":16,"22":0,"23":0,"24":0,"25":0,"26":0,"27":0,"28":0,"29":0,"30":0,"31":0,"32":0,"33":0,"34":0,"35":0,"36":0,"37":0,"38":0,"39":0,"40":0,"41":0,"42":0,"43":0,"44":0,"45":0,"46":0,"47":0,"48":16,"49":16,"50":16,"51":16,"52":16,"53":16,"54":16,"55":10,"56":16,"57":10,"58":4,"59":6,"60":5,"61":1,"62":1,"63":1,"64":1,"65":10,"66":6,"67":16,"68":16,"69":16,"70":16,"71":16,"72":144,"73":144,"74":11,"75":11,"76":11,"77":0,"78":11,"79":11,"80":0,"81":144,"82":0,"83":16,"84":10,"85":118,"86":10,"87":11,"88":11,"89":11,"90":6,"91":6,"92":0,"93":6,"94":6,"95":2,"96":16,"97":16,"98":16,"99":2,"100":14,"101":0,"102":14,"103":0,"104":14,"105":3,"106":11,"107":0,"108":11,"109":11,"110":25,"111":25,"112":25,"113":1,"114":9,"115":9,"116":9,"117":18,"118":18,"119":18,"120":18,"121":12,"122":19,"123":18,"124":7,"125":27,"126":7,"127":7,"128":9,"129":6,"130":6,"131":6,"132":6,"133":6,"134":22,"135":22,"136":0,"137":0,"138":0,"139":0,"140":0,"141":0,"142":0,"143":0,"144":0,"145":0,"146":0,"147":0,"148":0,"149":1},"f":{"0":38,"1":16,"2":16,"3":16,"4":118,"5":16,"6":25,"7":9,"8":19,"9":27,"10":6,"11":22},"b":{"0":[42,2124],"1":[22,244],"2":[16,0],"3":[16,0],"4":[0,0],"5":[0,0],"6":[0,0],"7":[0,0,0],"8":[0,0],"9":[10,6],"10":[10,6],"11":[4,6],"12":[5,1],"13":[1,0],"14":[0,11],"15":[0,11],"16":[0,144],"17":[10,6],"18":[6,5],"19":[0,6],"20":[2,4],"21":[2,14],"22":[16,14,14],"23":[0,14],"24":[14,14,14],"25":[0,14],"26":[14,14],"27":[3,11],"28":[14,14,11],"29":[0,11],"30":[11,11,11],"31":[25,2],"32":[12,6],"33":[19,17],"34":[7,11],"35":[7,0],"36":[7,0],"37":[0],"38":[22,0],"39":[22,0],"40":[0,0],"41":[0,0],"42":[0,0]},"_coverageSchema":"1a1c01bbd47fc00a2c39e90264f33305004495a9","hash":"06b1a98e710f6d2230283a76d173c5c141599ba6"}
}
