{"C:\\Users\\lui_h\\OneDrive\\Documents\\Code\\GenAI\\CSC698NeuralNote\\backend\\src\\app.js": {"path":"C:\\Users\\lui_h\\OneDrive\\Documents\\Code\\GenAI\\CSC698NeuralNote\\backend\\src\\app.js","statementMap":{"0":{"start":{"line":1,"column":16},"end":{"line":1,"column":34}},"1":{"start":{"line":2,"column":13},"end":{"line":2,"column":28}},"2":{"start":{"line":3,"column":0},"end":{"line":3,"column":27}},"3":{"start":{"line":5,"column":20},"end":{"line":5,"column":45}},"4":{"start":{"line":6,"column":21},"end":{"line":6,"column":47}},"5":{"start":{"line":7,"column":22},"end":{"line":7,"column":49}},"6":{"start":{"line":8,"column":24},"end":{"line":8,"column":53}},"7":{"start":{"line":10,"column":12},"end":{"line":10,"column":21}},"8":{"start":{"line":13,"column":0},"end":{"line":20,"column":3}},"9":{"start":{"line":14,"column":16},"end":{"line":14,"column":26}},"10":{"start":{"line":15,"column":2},"end":{"line":18,"column":5}},"11":{"start":{"line":16,"column":21},"end":{"line":16,"column":39}},"12":{"start":{"line":17,"column":4},"end":{"line":17,"column":79}},"13":{"start":{"line":19,"column":2},"end":{"line":19,"column":9}},"14":{"start":{"line":23,"column":0},"end":{"line":23,"column":16}},"15":{"start":{"line":24,"column":0},"end":{"line":24,"column":24}},"16":{"start":{"line":27,"column":0},"end":{"line":29,"column":3}},"17":{"start":{"line":28,"column":2},"end":{"line":28,"column":66}},"18":{"start":{"line":32,"column":0},"end":{"line":74,"column":3}},"19":{"start":{"line":33,"column":21},"end":{"line":33,"column":55}},"20":{"start":{"line":36,"column":21},"end":{"line":36,"column":35}},"21":{"start":{"line":37,"column":18},"end":{"line":37,"column":23}},"22":{"start":{"line":38,"column":22},"end":{"line":38,"column":31}},"23":{"start":{"line":39,"column":15},"end":{"line":39,"column":81}},"24":{"start":{"line":41,"column":2},"end":{"line":57,"column":3}},"25":{"start":{"line":42,"column":4},"end":{"line":42,"column":26}},"26":{"start":{"line":43,"column":4},"end":{"line":43,"column":21}},"27":{"start":{"line":44,"column":4},"end":{"line":44,"column":70}},"28":{"start":{"line":45,"column":4},"end":{"line":48,"column":6}},"29":{"start":{"line":49,"column":9},"end":{"line":57,"column":3}},"30":{"start":{"line":50,"column":4},"end":{"line":50,"column":47}},"31":{"start":{"line":51,"column":4},"end":{"line":51,"column":21}},"32":{"start":{"line":52,"column":4},"end":{"line":52,"column":77}},"33":{"start":{"line":53,"column":4},"end":{"line":56,"column":6}},"34":{"start":{"line":59,"column":2},"end":{"line":73,"column":5}},"35":{"start":{"line":77,"column":0},"end":{"line":77,"column":35}},"36":{"start":{"line":78,"column":0},"end":{"line":78,"column":37}},"37":{"start":{"line":79,"column":0},"end":{"line":79,"column":39}},"38":{"start":{"line":80,"column":0},"end":{"line":80,"column":43}},"39":{"start":{"line":83,"column":0},"end":{"line":85,"column":3}},"40":{"start":{"line":84,"column":2},"end":{"line":84,"column":47}},"41":{"start":{"line":88,"column":0},"end":{"line":91,"column":3}},"42":{"start":{"line":89,"column":2},"end":{"line":89,"column":38}},"43":{"start":{"line":90,"column":2},"end":{"line":90,"column":59}},"44":{"start":{"line":93,"column":0},"end":{"line":93,"column":21}}},"fnMap":{"0":{"name":"(anonymous_0)","decl":{"start":{"line":13,"column":8},"end":{"line":13,"column":9}},"loc":{"start":{"line":13,"column":28},"end":{"line":20,"column":1}},"line":13},"1":{"name":"(anonymous_1)","decl":{"start":{"line":15,"column":19},"end":{"line":15,"column":20}},"loc":{"start":{"line":15,"column":25},"end":{"line":18,"column":3}},"line":15},"2":{"name":"(anonymous_2)","decl":{"start":{"line":27,"column":19},"end":{"line":27,"column":20}},"loc":{"start":{"line":27,"column":33},"end":{"line":29,"column":1}},"line":27},"3":{"name":"(anonymous_3)","decl":{"start":{"line":32,"column":28},"end":{"line":32,"column":29}},"loc":{"start":{"line":32,"column":42},"end":{"line":74,"column":1}},"line":32},"4":{"name":"(anonymous_4)","decl":{"start":{"line":83,"column":8},"end":{"line":83,"column":9}},"loc":{"start":{"line":83,"column":22},"end":{"line":85,"column":1}},"line":83},"5":{"name":"(anonymous_5)","decl":{"start":{"line":88,"column":8},"end":{"line":88,"column":9}},"loc":{"start":{"line":88,"column":33},"end":{"line":91,"column":1}},"line":88}},"branchMap":{"0":{"loc":{"start":{"line":33,"column":21},"end":{"line":33,"column":55}},"type":"binary-expr","locations":[{"start":{"line":33,"column":21},"end":{"line":33,"column":44}},{"start":{"line":33,"column":48},"end":{"line":33,"column":55}}],"line":33},"1":{"loc":{"start":{"line":41,"column":2},"end":{"line":57,"column":3}},"type":"if","locations":[{"start":{"line":41,"column":2},"end":{"line":57,"column":3}},{"start":{"line":49,"column":9},"end":{"line":57,"column":3}}],"line":41},"2":{"loc":{"start":{"line":41,"column":6},"end":{"line":41,"column":55}},"type":"binary-expr","locations":[{"start":{"line":41,"column":6},"end":{"line":41,"column":27}},{"start":{"line":41,"column":31},"end":{"line":41,"column":55}}],"line":41},"3":{"loc":{"start":{"line":49,"column":9},"end":{"line":57,"column":3}},"type":"if","locations":[{"start":{"line":49,"column":9},"end":{"line":57,"column":3}},{"start":{},"end":{}}],"line":49},"4":{"loc":{"start":{"line":49,"column":13},"end":{"line":49,"column":86}},"type":"binary-expr","locations":[{"start":{"line":49,"column":13},"end":{"line":49,"column":51}},{"start":{"line":49,"column":55},"end":{"line":49,"column":86}}],"line":49},"5":{"loc":{"start":{"line":67,"column":15},"end":{"line":67,"column":52}},"type":"binary-expr","locations":[{"start":{"line":67,"column":15},"end":{"line":67,"column":35}},{"start":{"line":67,"column":39},"end":{"line":67,"column":52}}],"line":67},"6":{"loc":{"start":{"line":68,"column":12},"end":{"line":68,"column":36}},"type":"binary-expr","locations":[{"start":{"line":68,"column":12},"end":{"line":68,"column":28}},{"start":{"line":68,"column":32},"end":{"line":68,"column":36}}],"line":68}},"s":{"0":2,"1":2,"2":2,"3":2,"4":2,"5":2,"6":2,"7":2,"8":2,"9":65,"10":65,"11":63,"12":63,"13":65,"14":2,"15":2,"16":2,"17":1,"18":2,"19":7,"20":7,"21":7,"22":7,"23":7,"24":7,"25":5,"26":5,"27":5,"28":5,"29":2,"30":0,"31":0,"32":0,"33":0,"34":7,"35":2,"36":2,"37":2,"38":2,"39":2,"40":1,"41":2,"42":0,"43":0,"44":2},"f":{"0":65,"1":63,"2":1,"3":7,"4":1,"5":0},"b":{"0":[7,1],"1":[5,2],"2":[7,6],"3":[0,2],"4":[2,0],"5":[7,0],"6":[7,0]},"_coverageSchema":"1a1c01bbd47fc00a2c39e90264f33305004495a9","hash":"2338083611f195bce02c1d9819bd2c373396960f"}
,"C:\\Users\\lui_h\\OneDrive\\Documents\\Code\\GenAI\\CSC698NeuralNote\\backend\\src\\models\\Habit.js": {"path":"C:\\Users\\lui_h\\OneDrive\\Documents\\Code\\GenAI\\CSC698NeuralNote\\backend\\src\\models\\Habit.js","statementMap":{"0":{"start":{"line":1,"column":11},"end":{"line":1,"column":32}},"1":{"start":{"line":2,"column":23},"end":{"line":2,"column":38}},"2":{"start":{"line":6,"column":15},"end":{"line":6,"column":23}},"3":{"start":{"line":7,"column":19},"end":{"line":10,"column":5}},"4":{"start":{"line":11,"column":4},"end":{"line":11,"column":26}},"5":{"start":{"line":15,"column":19},"end":{"line":15,"column":77}},"6":{"start":{"line":16,"column":4},"end":{"line":16,"column":34}},"7":{"start":{"line":20,"column":19},"end":{"line":23,"column":5}},"8":{"start":{"line":24,"column":4},"end":{"line":24,"column":23}},"9":{"start":{"line":28,"column":19},"end":{"line":31,"column":5}},"10":{"start":{"line":32,"column":4},"end":{"line":32,"column":34}},"11":{"start":{"line":36,"column":4},"end":{"line":36,"column":61}},"12":{"start":{"line":40,"column":19},"end":{"line":50,"column":5}},"13":{"start":{"line":51,"column":4},"end":{"line":51,"column":23}},"14":{"start":{"line":55,"column":0},"end":{"line":55,"column":23}}},"fnMap":{"0":{"name":"(anonymous_0)","decl":{"start":{"line":5,"column":2},"end":{"line":5,"column":3}},"loc":{"start":{"line":5,"column":56},"end":{"line":12,"column":3}},"line":5},"1":{"name":"(anonymous_1)","decl":{"start":{"line":14,"column":2},"end":{"line":14,"column":3}},"loc":{"start":{"line":14,"column":28},"end":{"line":17,"column":3}},"line":14},"2":{"name":"(anonymous_2)","decl":{"start":{"line":19,"column":2},"end":{"line":19,"column":3}},"loc":{"start":{"line":19,"column":36},"end":{"line":25,"column":3}},"line":19},"3":{"name":"(anonymous_3)","decl":{"start":{"line":27,"column":2},"end":{"line":27,"column":3}},"loc":{"start":{"line":27,"column":45},"end":{"line":33,"column":3}},"line":27},"4":{"name":"(anonymous_4)","decl":{"start":{"line":35,"column":2},"end":{"line":35,"column":3}},"loc":{"start":{"line":35,"column":26},"end":{"line":37,"column":3}},"line":35},"5":{"name":"(anonymous_5)","decl":{"start":{"line":39,"column":2},"end":{"line":39,"column":3}},"loc":{"start":{"line":39,"column":69},"end":{"line":52,"column":3}},"line":39}},"branchMap":{"0":{"loc":{"start":{"line":5,"column":36},"end":{"line":5,"column":54}},"type":"default-arg","locations":[{"start":{"line":5,"column":50},"end":{"line":5,"column":54}}],"line":5},"1":{"loc":{"start":{"line":16,"column":11},"end":{"line":16,"column":33}},"type":"binary-expr","locations":[{"start":{"line":16,"column":11},"end":{"line":16,"column":25}},{"start":{"line":16,"column":29},"end":{"line":16,"column":33}}],"line":16},"2":{"loc":{"start":{"line":32,"column":11},"end":{"line":32,"column":33}},"type":"binary-expr","locations":[{"start":{"line":32,"column":11},"end":{"line":32,"column":25}},{"start":{"line":32,"column":29},"end":{"line":32,"column":33}}],"line":32}},"s":{"0":2,"1":2,"2":10,"3":10,"4":9,"5":4,"6":4,"7":10,"8":10,"9":1,"10":1,"11":1,"12":0,"13":0,"14":2},"f":{"0":10,"1":4,"2":10,"3":1,"4":1,"5":0},"b":{"0":[0],"1":[4,1],"2":[1,0]},"_coverageSchema":"1a1c01bbd47fc00a2c39e90264f33305004495a9","hash":"4c24a54cc433fa2d71fde0e53b8f6194388e9726"}
,"C:\\Users\\lui_h\\OneDrive\\Documents\\Code\\GenAI\\CSC698NeuralNote\\backend\\src\\models\\HabitCompletion.js": {"path":"C:\\Users\\lui_h\\OneDrive\\Documents\\Code\\GenAI\\CSC698NeuralNote\\backend\\src\\models\\HabitCompletion.js","statementMap":{"0":{"start":{"line":1,"column":11},"end":{"line":1,"column":32}},"1":{"start":{"line":2,"column":23},"end":{"line":2,"column":38}},"2":{"start":{"line":6,"column":15},"end":{"line":6,"column":23}},"3":{"start":{"line":7,"column":19},"end":{"line":15,"column":5}},"4":{"start":{"line":17,"column":4},"end":{"line":19,"column":5}},"5":{"start":{"line":18,"column":6},"end":{"line":18,"column":28}},"6":{"start":{"line":20,"column":4},"end":{"line":20,"column":61}},"7":{"start":{"line":24,"column":19},"end":{"line":24,"column":88}},"8":{"start":{"line":25,"column":4},"end":{"line":25,"column":34}},"9":{"start":{"line":29,"column":19},"end":{"line":35,"column":5}},"10":{"start":{"line":36,"column":4},"end":{"line":36,"column":34}},"11":{"start":{"line":40,"column":19},"end":{"line":48,"column":5}},"12":{"start":{"line":49,"column":4},"end":{"line":49,"column":23}},"13":{"start":{"line":53,"column":4},"end":{"line":53,"column":72}},"14":{"start":{"line":57,"column":4},"end":{"line":63,"column":6}},"15":{"start":{"line":67,"column":0},"end":{"line":67,"column":33}}},"fnMap":{"0":{"name":"(anonymous_0)","decl":{"start":{"line":5,"column":2},"end":{"line":5,"column":3}},"loc":{"start":{"line":5,"column":47},"end":{"line":21,"column":3}},"line":5},"1":{"name":"(anonymous_1)","decl":{"start":{"line":23,"column":2},"end":{"line":23,"column":3}},"loc":{"start":{"line":23,"column":28},"end":{"line":26,"column":3}},"line":23},"2":{"name":"(anonymous_2)","decl":{"start":{"line":28,"column":2},"end":{"line":28,"column":3}},"loc":{"start":{"line":28,"column":60},"end":{"line":37,"column":3}},"line":28},"3":{"name":"(anonymous_3)","decl":{"start":{"line":39,"column":2},"end":{"line":39,"column":3}},"loc":{"start":{"line":39,"column":50},"end":{"line":50,"column":3}},"line":39},"4":{"name":"(anonymous_4)","decl":{"start":{"line":52,"column":2},"end":{"line":52,"column":3}},"loc":{"start":{"line":52,"column":26},"end":{"line":54,"column":3}},"line":52},"5":{"name":"(anonymous_5)","decl":{"start":{"line":56,"column":2},"end":{"line":56,"column":3}},"loc":{"start":{"line":56,"column":62},"end":{"line":64,"column":3}},"line":56}},"branchMap":{"0":{"loc":{"start":{"line":17,"column":4},"end":{"line":19,"column":5}},"type":"if","locations":[{"start":{"line":17,"column":4},"end":{"line":19,"column":5}},{"start":{},"end":{}}],"line":17},"1":{"loc":{"start":{"line":25,"column":11},"end":{"line":25,"column":33}},"type":"binary-expr","locations":[{"start":{"line":25,"column":11},"end":{"line":25,"column":25}},{"start":{"line":25,"column":29},"end":{"line":25,"column":33}}],"line":25},"2":{"loc":{"start":{"line":36,"column":11},"end":{"line":36,"column":33}},"type":"binary-expr","locations":[{"start":{"line":36,"column":11},"end":{"line":36,"column":25}},{"start":{"line":36,"column":29},"end":{"line":36,"column":33}}],"line":36}},"s":{"0":2,"1":2,"2":1,"3":1,"4":1,"5":1,"6":0,"7":0,"8":0,"9":0,"10":0,"11":1,"12":1,"13":0,"14":0,"15":2},"f":{"0":1,"1":0,"2":0,"3":1,"4":0,"5":0},"b":{"0":[1,0],"1":[0,0],"2":[0,0]},"_coverageSchema":"1a1c01bbd47fc00a2c39e90264f33305004495a9","hash":"af2e61cd6967dab4f84cc313483de1f753b0a78c"}
,"C:\\Users\\lui_h\\OneDrive\\Documents\\Code\\GenAI\\CSC698NeuralNote\\backend\\src\\models\\JournalEntry.js": {"path":"C:\\Users\\lui_h\\OneDrive\\Documents\\Code\\GenAI\\CSC698NeuralNote\\backend\\src\\models\\JournalEntry.js","statementMap":{"0":{"start":{"line":1,"column":11},"end":{"line":1,"column":32}},"1":{"start":{"line":2,"column":23},"end":{"line":2,"column":38}},"2":{"start":{"line":6,"column":15},"end":{"line":6,"column":23}},"3":{"start":{"line":7,"column":19},"end":{"line":14,"column":5}},"4":{"start":{"line":15,"column":4},"end":{"line":15,"column":26}},"5":{"start":{"line":19,"column":19},"end":{"line":19,"column":86}},"6":{"start":{"line":20,"column":4},"end":{"line":20,"column":34}},"7":{"start":{"line":24,"column":19},"end":{"line":32,"column":5}},"8":{"start":{"line":33,"column":4},"end":{"line":33,"column":23}},"9":{"start":{"line":37,"column":19},"end":{"line":45,"column":5}},"10":{"start":{"line":46,"column":4},"end":{"line":46,"column":34}},"11":{"start":{"line":50,"column":19},"end":{"line":58,"column":5}},"12":{"start":{"line":59,"column":4},"end":{"line":59,"column":34}},"13":{"start":{"line":63,"column":4},"end":{"line":63,"column":70}},"14":{"start":{"line":67,"column":19},"end":{"line":74,"column":5}},"15":{"start":{"line":75,"column":4},"end":{"line":75,"column":23}},"16":{"start":{"line":79,"column":19},"end":{"line":86,"column":5}},"17":{"start":{"line":87,"column":4},"end":{"line":87,"column":23}},"18":{"start":{"line":91,"column":0},"end":{"line":91,"column":30}}},"fnMap":{"0":{"name":"(anonymous_0)","decl":{"start":{"line":5,"column":2},"end":{"line":5,"column":3}},"loc":{"start":{"line":5,"column":97},"end":{"line":16,"column":3}},"line":5},"1":{"name":"(anonymous_1)","decl":{"start":{"line":18,"column":2},"end":{"line":18,"column":3}},"loc":{"start":{"line":18,"column":28},"end":{"line":21,"column":3}},"line":18},"2":{"name":"(anonymous_2)","decl":{"start":{"line":23,"column":2},"end":{"line":23,"column":3}},"loc":{"start":{"line":23,"column":60},"end":{"line":34,"column":3}},"line":23},"3":{"name":"(anonymous_3)","decl":{"start":{"line":36,"column":2},"end":{"line":36,"column":3}},"loc":{"start":{"line":36,"column":72},"end":{"line":47,"column":3}},"line":36},"4":{"name":"(anonymous_4)","decl":{"start":{"line":49,"column":2},"end":{"line":49,"column":3}},"loc":{"start":{"line":49,"column":75},"end":{"line":60,"column":3}},"line":49},"5":{"name":"(anonymous_5)","decl":{"start":{"line":62,"column":2},"end":{"line":62,"column":3}},"loc":{"start":{"line":62,"column":26},"end":{"line":64,"column":3}},"line":62},"6":{"name":"(anonymous_6)","decl":{"start":{"line":66,"column":2},"end":{"line":66,"column":3}},"loc":{"start":{"line":66,"column":58},"end":{"line":76,"column":3}},"line":66},"7":{"name":"(anonymous_7)","decl":{"start":{"line":78,"column":2},"end":{"line":78,"column":3}},"loc":{"start":{"line":78,"column":43},"end":{"line":88,"column":3}},"line":78}},"branchMap":{"0":{"loc":{"start":{"line":5,"column":39},"end":{"line":5,"column":55}},"type":"default-arg","locations":[{"start":{"line":5,"column":51},"end":{"line":5,"column":55}}],"line":5},"1":{"loc":{"start":{"line":5,"column":57},"end":{"line":5,"column":73}},"type":"default-arg","locations":[{"start":{"line":5,"column":69},"end":{"line":5,"column":73}}],"line":5},"2":{"loc":{"start":{"line":5,"column":75},"end":{"line":5,"column":95}},"type":"default-arg","locations":[{"start":{"line":5,"column":91},"end":{"line":5,"column":95}}],"line":5},"3":{"loc":{"start":{"line":20,"column":11},"end":{"line":20,"column":33}},"type":"binary-expr","locations":[{"start":{"line":20,"column":11},"end":{"line":20,"column":25}},{"start":{"line":20,"column":29},"end":{"line":20,"column":33}}],"line":20},"4":{"loc":{"start":{"line":23,"column":36},"end":{"line":23,"column":46}},"type":"default-arg","locations":[{"start":{"line":23,"column":44},"end":{"line":23,"column":46}}],"line":23},"5":{"loc":{"start":{"line":23,"column":48},"end":{"line":23,"column":58}},"type":"default-arg","locations":[{"start":{"line":23,"column":57},"end":{"line":23,"column":58}}],"line":23},"6":{"loc":{"start":{"line":46,"column":11},"end":{"line":46,"column":33}},"type":"binary-expr","locations":[{"start":{"line":46,"column":11},"end":{"line":46,"column":25}},{"start":{"line":46,"column":29},"end":{"line":46,"column":33}}],"line":46},"7":{"loc":{"start":{"line":59,"column":11},"end":{"line":59,"column":33}},"type":"binary-expr","locations":[{"start":{"line":59,"column":11},"end":{"line":59,"column":25}},{"start":{"line":59,"column":29},"end":{"line":59,"column":33}}],"line":59}},"s":{"0":2,"1":2,"2":6,"3":6,"4":5,"5":2,"6":1,"7":1,"8":1,"9":1,"10":1,"11":0,"12":0,"13":0,"14":0,"15":0,"16":2,"17":2,"18":2},"f":{"0":6,"1":2,"2":1,"3":1,"4":0,"5":0,"6":0,"7":2},"b":{"0":[0],"1":[0],"2":[0],"3":[1,0],"4":[0],"5":[0],"6":[1,1],"7":[0,0]},"_coverageSchema":"1a1c01bbd47fc00a2c39e90264f33305004495a9","hash":"914ab439efdcbabdde66fa8a1c97938c99389f35"}
,"C:\\Users\\lui_h\\OneDrive\\Documents\\Code\\GenAI\\CSC698NeuralNote\\backend\\src\\models\\User.js": {"path":"C:\\Users\\lui_h\\OneDrive\\Documents\\Code\\GenAI\\CSC698NeuralNote\\backend\\src\\models\\User.js","statementMap":{"0":{"start":{"line":1,"column":11},"end":{"line":1,"column":32}},"1":{"start":{"line":2,"column":23},"end":{"line":2,"column":38}},"2":{"start":{"line":6,"column":15},"end":{"line":6,"column":23}},"3":{"start":{"line":7,"column":19},"end":{"line":10,"column":5}},"4":{"start":{"line":11,"column":4},"end":{"line":11,"column":26}},"5":{"start":{"line":15,"column":19},"end":{"line":15,"column":76}},"6":{"start":{"line":16,"column":4},"end":{"line":16,"column":34}},"7":{"start":{"line":20,"column":19},"end":{"line":20,"column":88}},"8":{"start":{"line":21,"column":4},"end":{"line":21,"column":34}},"9":{"start":{"line":25,"column":15},"end":{"line":25,"column":50}},"10":{"start":{"line":26,"column":4},"end":{"line":28,"column":5}},"11":{"start":{"line":27,"column":6},"end":{"line":27,"column":41}},"12":{"start":{"line":29,"column":4},"end":{"line":29,"column":16}},"13":{"start":{"line":33,"column":0},"end":{"line":33,"column":22}}},"fnMap":{"0":{"name":"(anonymous_0)","decl":{"start":{"line":5,"column":2},"end":{"line":5,"column":3}},"loc":{"start":{"line":5,"column":32},"end":{"line":12,"column":3}},"line":5},"1":{"name":"(anonymous_1)","decl":{"start":{"line":14,"column":2},"end":{"line":14,"column":3}},"loc":{"start":{"line":14,"column":28},"end":{"line":17,"column":3}},"line":14},"2":{"name":"(anonymous_2)","decl":{"start":{"line":19,"column":2},"end":{"line":19,"column":3}},"loc":{"start":{"line":19,"column":40},"end":{"line":22,"column":3}},"line":19},"3":{"name":"(anonymous_3)","decl":{"start":{"line":24,"column":2},"end":{"line":24,"column":3}},"loc":{"start":{"line":24,"column":38},"end":{"line":30,"column":3}},"line":24}},"branchMap":{"0":{"loc":{"start":{"line":16,"column":11},"end":{"line":16,"column":33}},"type":"binary-expr","locations":[{"start":{"line":16,"column":11},"end":{"line":16,"column":25}},{"start":{"line":16,"column":29},"end":{"line":16,"column":33}}],"line":16},"1":{"loc":{"start":{"line":21,"column":11},"end":{"line":21,"column":33}},"type":"binary-expr","locations":[{"start":{"line":21,"column":11},"end":{"line":21,"column":25}},{"start":{"line":21,"column":29},"end":{"line":21,"column":33}}],"line":21},"2":{"loc":{"start":{"line":26,"column":4},"end":{"line":28,"column":5}},"type":"if","locations":[{"start":{"line":26,"column":4},"end":{"line":28,"column":5}},{"start":{},"end":{}}],"line":26}},"s":{"0":2,"1":2,"2":20,"3":20,"4":20,"5":23,"6":22,"7":21,"8":21,"9":21,"10":21,"11":20,"12":21,"13":2},"f":{"0":20,"1":23,"2":21,"3":21},"b":{"0":[22,1],"1":[21,20],"2":[20,1]},"_coverageSchema":"1a1c01bbd47fc00a2c39e90264f33305004495a9","hash":"e87912d4afab7224734ab3c17ee6b5f903f4eff6"}
,"C:\\Users\\lui_h\\OneDrive\\Documents\\Code\\GenAI\\CSC698NeuralNote\\backend\\src\\models\\database.js": {"path":"C:\\Users\\lui_h\\OneDrive\\Documents\\Code\\GenAI\\CSC698NeuralNote\\backend\\src\\models\\database.js","statementMap":{"0":{"start":{"line":1,"column":17},"end":{"line":1,"column":30}},"1":{"start":{"line":3,"column":0},"end":{"line":5,"column":1}},"2":{"start":{"line":4,"column":2},"end":{"line":4,"column":70}},"3":{"start":{"line":7,"column":13},"end":{"line":12,"column":2}},"4":{"start":{"line":15,"column":2},"end":{"line":15,"column":34}},"5":{"start":{"line":19,"column":2},"end":{"line":19,"column":19}},"6":{"start":{"line":22,"column":0},"end":{"line":26,"column":2}}},"fnMap":{"0":{"name":"query","decl":{"start":{"line":14,"column":15},"end":{"line":14,"column":20}},"loc":{"start":{"line":14,"column":35},"end":{"line":16,"column":1}},"line":14},"1":{"name":"close","decl":{"start":{"line":18,"column":15},"end":{"line":18,"column":20}},"loc":{"start":{"line":18,"column":23},"end":{"line":20,"column":1}},"line":18}},"branchMap":{"0":{"loc":{"start":{"line":3,"column":0},"end":{"line":5,"column":1}},"type":"if","locations":[{"start":{"line":3,"column":0},"end":{"line":5,"column":1}},{"start":{},"end":{}}],"line":3}},"s":{"0":2,"1":2,"2":0,"3":2,"4":133,"5":2,"6":2},"f":{"0":133,"1":2},"b":{"0":[0,2]},"_coverageSchema":"1a1c01bbd47fc00a2c39e90264f33305004495a9","hash":"e8e36e4e1c8f6604cf670111ee52e5ef7bdebb62"}
,"C:\\Users\\lui_h\\OneDrive\\Documents\\Code\\GenAI\\CSC698NeuralNote\\backend\\src\\routes\\dashboard.js": {"path":"C:\\Users\\lui_h\\OneDrive\\Documents\\Code\\GenAI\\CSC698NeuralNote\\backend\\src\\routes\\dashboard.js","statementMap":{"0":{"start":{"line":1,"column":16},"end":{"line":1,"column":34}},"1":{"start":{"line":2,"column":15},"end":{"line":2,"column":31}},"2":{"start":{"line":3,"column":21},"end":{"line":3,"column":54}},"3":{"start":{"line":4,"column":14},"end":{"line":4,"column":40}},"4":{"start":{"line":5,"column":25},"end":{"line":5,"column":45}},"5":{"start":{"line":8,"column":0},"end":{"line":128,"column":3}},"6":{"start":{"line":9,"column":2},"end":{"line":127,"column":3}},"7":{"start":{"line":10,"column":17},"end":{"line":10,"column":59}},"8":{"start":{"line":11,"column":4},"end":{"line":11,"column":22}},"9":{"start":{"line":11,"column":15},"end":{"line":11,"column":22}},"10":{"start":{"line":14,"column":20},"end":{"line":14,"column":44}},"11":{"start":{"line":15,"column":22},"end":{"line":15,"column":83}},"12":{"start":{"line":18,"column":26},"end":{"line":18,"column":82}},"13":{"start":{"line":21,"column":23},"end":{"line":21,"column":95}},"14":{"start":{"line":24,"column":29},"end":{"line":24,"column":105}},"15":{"start":{"line":27,"column":22},"end":{"line":27,"column":65}},"16":{"start":{"line":28,"column":24},"end":{"line":28,"column":40}},"17":{"start":{"line":31,"column":32},"end":{"line":31,"column":34}},"18":{"start":{"line":32,"column":4},"end":{"line":36,"column":5}},"19":{"start":{"line":33,"column":6},"end":{"line":35,"column":7}},"20":{"start":{"line":34,"column":8},"end":{"line":34,"column":97}},"21":{"start":{"line":39,"column":24},"end":{"line":39,"column":25}},"22":{"start":{"line":40,"column":18},"end":{"line":40,"column":28}},"23":{"start":{"line":41,"column":4},"end":{"line":41,"column":31}},"24":{"start":{"line":44,"column":26},"end":{"line":46,"column":5}},"25":{"start":{"line":45,"column":6},"end":{"line":45,"column":53}},"26":{"start":{"line":49,"column":24},"end":{"line":49,"column":33}},"27":{"start":{"line":50,"column":4},"end":{"line":54,"column":5}},"28":{"start":{"line":51,"column":24},"end":{"line":51,"column":50}},"29":{"start":{"line":52,"column":6},"end":{"line":52,"column":37}},"30":{"start":{"line":53,"column":6},"end":{"line":53,"column":61}},"31":{"start":{"line":57,"column":24},"end":{"line":57,"column":64}},"32":{"start":{"line":58,"column":4},"end":{"line":78,"column":5}},"33":{"start":{"line":58,"column":17},"end":{"line":58,"column":18}},"34":{"start":{"line":59,"column":27},"end":{"line":59,"column":42}},"35":{"start":{"line":60,"column":6},"end":{"line":60,"column":55}},"36":{"start":{"line":61,"column":30},"end":{"line":61,"column":70}},"37":{"start":{"line":63,"column":6},"end":{"line":77,"column":7}},"38":{"start":{"line":64,"column":8},"end":{"line":64,"column":24}},"39":{"start":{"line":65,"column":13},"end":{"line":77,"column":7}},"40":{"start":{"line":67,"column":26},"end":{"line":67,"column":41}},"41":{"start":{"line":68,"column":8},"end":{"line":68,"column":51}},"42":{"start":{"line":69,"column":29},"end":{"line":69,"column":66}},"43":{"start":{"line":70,"column":8},"end":{"line":73,"column":9}},"44":{"start":{"line":71,"column":10},"end":{"line":71,"column":28}},"45":{"start":{"line":72,"column":10},"end":{"line":72,"column":19}},"46":{"start":{"line":74,"column":8},"end":{"line":74,"column":14}},"47":{"start":{"line":76,"column":8},"end":{"line":76,"column":14}},"48":{"start":{"line":81,"column":27},"end":{"line":81,"column":29}},"49":{"start":{"line":82,"column":4},"end":{"line":97,"column":5}},"50":{"start":{"line":82,"column":17},"end":{"line":82,"column":18}},"51":{"start":{"line":83,"column":19},"end":{"line":83,"column":34}},"52":{"start":{"line":84,"column":6},"end":{"line":84,"column":39}},"53":{"start":{"line":85,"column":22},"end":{"line":85,"column":54}},"54":{"start":{"line":87,"column":27},"end":{"line":90,"column":8}},"55":{"start":{"line":88,"column":26},"end":{"line":88,"column":80}},"56":{"start":{"line":89,"column":8},"end":{"line":89,"column":37}},"57":{"start":{"line":92,"column":6},"end":{"line":96,"column":9}},"58":{"start":{"line":100,"column":36},"end":{"line":100,"column":38}},"59":{"start":{"line":101,"column":4},"end":{"line":107,"column":5}},"60":{"start":{"line":102,"column":30},"end":{"line":102,"column":77}},"61":{"start":{"line":103,"column":6},"end":{"line":106,"column":9}},"62":{"start":{"line":109,"column":4},"end":{"line":123,"column":7}},"63":{"start":{"line":116,"column":48},"end":{"line":116,"column":80}},"64":{"start":{"line":125,"column":4},"end":{"line":125,"column":59}},"65":{"start":{"line":126,"column":4},"end":{"line":126,"column":70}},"66":{"start":{"line":130,"column":0},"end":{"line":130,"column":24}}},"fnMap":{"0":{"name":"(anonymous_0)","decl":{"start":{"line":8,"column":23},"end":{"line":8,"column":24}},"loc":{"start":{"line":8,"column":43},"end":{"line":128,"column":1}},"line":8},"1":{"name":"(anonymous_1)","decl":{"start":{"line":44,"column":47},"end":{"line":44,"column":48}},"loc":{"start":{"line":45,"column":6},"end":{"line":45,"column":53}},"line":45},"2":{"name":"(anonymous_2)","decl":{"start":{"line":87,"column":45},"end":{"line":87,"column":46}},"loc":{"start":{"line":87,"column":54},"end":{"line":90,"column":7}},"line":87},"3":{"name":"(anonymous_3)","decl":{"start":{"line":116,"column":36},"end":{"line":116,"column":37}},"loc":{"start":{"line":116,"column":48},"end":{"line":116,"column":80}},"line":116}},"branchMap":{"0":{"loc":{"start":{"line":11,"column":4},"end":{"line":11,"column":22}},"type":"if","locations":[{"start":{"line":11,"column":4},"end":{"line":11,"column":22}},{"start":{},"end":{}}],"line":11},"1":{"loc":{"start":{"line":33,"column":6},"end":{"line":35,"column":7}},"type":"if","locations":[{"start":{"line":33,"column":6},"end":{"line":35,"column":7}},{"start":{},"end":{}}],"line":33},"2":{"loc":{"start":{"line":34,"column":49},"end":{"line":34,"column":91}},"type":"binary-expr","locations":[{"start":{"line":34,"column":49},"end":{"line":34,"column":86}},{"start":{"line":34,"column":90},"end":{"line":34,"column":91}}],"line":34},"3":{"loc":{"start":{"line":63,"column":6},"end":{"line":77,"column":7}},"type":"if","locations":[{"start":{"line":63,"column":6},"end":{"line":77,"column":7}},{"start":{"line":65,"column":13},"end":{"line":77,"column":7}}],"line":63},"4":{"loc":{"start":{"line":65,"column":13},"end":{"line":77,"column":7}},"type":"if","locations":[{"start":{"line":65,"column":13},"end":{"line":77,"column":7}},{"start":{"line":75,"column":13},"end":{"line":77,"column":7}}],"line":65},"5":{"loc":{"start":{"line":70,"column":8},"end":{"line":73,"column":9}},"type":"if","locations":[{"start":{"line":70,"column":8},"end":{"line":73,"column":9}},{"start":{},"end":{}}],"line":70},"6":{"loc":{"start":{"line":115,"column":29},"end":{"line":117,"column":13}},"type":"cond-expr","locations":[{"start":{"line":116,"column":12},"end":{"line":116,"column":110}},{"start":{"line":117,"column":12},"end":{"line":117,"column":13}}],"line":115}},"s":{"0":2,"1":2,"2":2,"3":2,"4":2,"5":2,"6":2,"7":2,"8":2,"9":2,"10":0,"11":0,"12":0,"13":0,"14":0,"15":0,"16":0,"17":0,"18":0,"19":0,"20":0,"21":0,"22":0,"23":0,"24":0,"25":0,"26":0,"27":0,"28":0,"29":0,"30":0,"31":0,"32":0,"33":0,"34":0,"35":0,"36":0,"37":0,"38":0,"39":0,"40":0,"41":0,"42":0,"43":0,"44":0,"45":0,"46":0,"47":0,"48":0,"49":0,"50":0,"51":0,"52":0,"53":0,"54":0,"55":0,"56":0,"57":0,"58":0,"59":0,"60":0,"61":0,"62":0,"63":0,"64":0,"65":0,"66":2},"f":{"0":2,"1":0,"2":0,"3":0},"b":{"0":[2,0],"1":[0,0],"2":[0,0],"3":[0,0],"4":[0,0],"5":[0,0],"6":[0,0]},"_coverageSchema":"1a1c01bbd47fc00a2c39e90264f33305004495a9","hash":"cdd6927bbcd21ea16c4921943a8cca674996a901"}
,"C:\\Users\\lui_h\\OneDrive\\Documents\\Code\\GenAI\\CSC698NeuralNote\\backend\\src\\routes\\habits.js": {"path":"C:\\Users\\lui_h\\OneDrive\\Documents\\Code\\GenAI\\CSC698NeuralNote\\backend\\src\\routes\\habits.js","statementMap":{"0":{"start":{"line":1,"column":16},"end":{"line":1,"column":34}},"1":{"start":{"line":2,"column":15},"end":{"line":2,"column":31}},"2":{"start":{"line":3,"column":14},"end":{"line":3,"column":40}},"3":{"start":{"line":4,"column":55},"end":{"line":4,"column":75}},"4":{"start":{"line":7,"column":0},"end":{"line":18,"column":3}},"5":{"start":{"line":8,"column":2},"end":{"line":17,"column":3}},"6":{"start":{"line":9,"column":17},"end":{"line":9,"column":59}},"7":{"start":{"line":10,"column":4},"end":{"line":10,"column":22}},"8":{"start":{"line":10,"column":15},"end":{"line":10,"column":22}},"9":{"start":{"line":12,"column":19},"end":{"line":12,"column":62}},"10":{"start":{"line":13,"column":4},"end":{"line":13,"column":21}},"11":{"start":{"line":15,"column":4},"end":{"line":15,"column":51}},"12":{"start":{"line":16,"column":4},"end":{"line":16,"column":62}},"13":{"start":{"line":21,"column":0},"end":{"line":41,"column":3}},"14":{"start":{"line":22,"column":2},"end":{"line":40,"column":3}},"15":{"start":{"line":23,"column":42},"end":{"line":23,"column":50}},"16":{"start":{"line":25,"column":4},"end":{"line":27,"column":5}},"17":{"start":{"line":26,"column":6},"end":{"line":26,"column":68}},"18":{"start":{"line":29,"column":22},"end":{"line":29,"column":72}},"19":{"start":{"line":30,"column":4},"end":{"line":30,"column":27}},"20":{"start":{"line":30,"column":20},"end":{"line":30,"column":27}},"21":{"start":{"line":32,"column":17},"end":{"line":32,"column":48}},"22":{"start":{"line":33,"column":4},"end":{"line":33,"column":22}},"23":{"start":{"line":33,"column":15},"end":{"line":33,"column":22}},"24":{"start":{"line":35,"column":18},"end":{"line":35,"column":84}},"25":{"start":{"line":36,"column":4},"end":{"line":36,"column":32}},"26":{"start":{"line":38,"column":4},"end":{"line":38,"column":50}},"27":{"start":{"line":39,"column":4},"end":{"line":39,"column":62}},"28":{"start":{"line":44,"column":0},"end":{"line":54,"column":3}},"29":{"start":{"line":45,"column":2},"end":{"line":53,"column":3}},"30":{"start":{"line":46,"column":18},"end":{"line":46,"column":57}},"31":{"start":{"line":47,"column":4},"end":{"line":47,"column":23}},"32":{"start":{"line":47,"column":16},"end":{"line":47,"column":23}},"33":{"start":{"line":49,"column":4},"end":{"line":49,"column":20}},"34":{"start":{"line":51,"column":4},"end":{"line":51,"column":50}},"35":{"start":{"line":52,"column":4},"end":{"line":52,"column":61}},"36":{"start":{"line":57,"column":0},"end":{"line":73,"column":3}},"37":{"start":{"line":58,"column":2},"end":{"line":72,"column":3}},"38":{"start":{"line":59,"column":34},"end":{"line":59,"column":42}},"39":{"start":{"line":61,"column":22},"end":{"line":61,"column":72}},"40":{"start":{"line":62,"column":4},"end":{"line":62,"column":27}},"41":{"start":{"line":62,"column":20},"end":{"line":62,"column":27}},"42":{"start":{"line":64,"column":26},"end":{"line":64,"column":65}},"43":{"start":{"line":65,"column":4},"end":{"line":65,"column":31}},"44":{"start":{"line":65,"column":24},"end":{"line":65,"column":31}},"45":{"start":{"line":67,"column":18},"end":{"line":67,"column":91}},"46":{"start":{"line":68,"column":4},"end":{"line":68,"column":20}},"47":{"start":{"line":70,"column":4},"end":{"line":70,"column":50}},"48":{"start":{"line":71,"column":4},"end":{"line":71,"column":62}},"49":{"start":{"line":76,"column":0},"end":{"line":87,"column":3}},"50":{"start":{"line":77,"column":2},"end":{"line":86,"column":3}},"51":{"start":{"line":78,"column":18},"end":{"line":78,"column":57}},"52":{"start":{"line":79,"column":4},"end":{"line":79,"column":23}},"53":{"start":{"line":79,"column":16},"end":{"line":79,"column":23}},"54":{"start":{"line":81,"column":4},"end":{"line":81,"column":38}},"55":{"start":{"line":82,"column":4},"end":{"line":82,"column":27}},"56":{"start":{"line":84,"column":4},"end":{"line":84,"column":50}},"57":{"start":{"line":85,"column":4},"end":{"line":85,"column":62}},"58":{"start":{"line":90,"column":0},"end":{"line":107,"column":3}},"59":{"start":{"line":91,"column":2},"end":{"line":106,"column":3}},"60":{"start":{"line":92,"column":35},"end":{"line":92,"column":44}},"61":{"start":{"line":94,"column":4},"end":{"line":96,"column":5}},"62":{"start":{"line":95,"column":6},"end":{"line":95,"column":85}},"63":{"start":{"line":98,"column":17},"end":{"line":98,"column":59}},"64":{"start":{"line":99,"column":4},"end":{"line":99,"column":22}},"65":{"start":{"line":99,"column":15},"end":{"line":99,"column":22}},"66":{"start":{"line":101,"column":24},"end":{"line":101,"column":100}},"67":{"start":{"line":102,"column":4},"end":{"line":102,"column":26}},"68":{"start":{"line":104,"column":4},"end":{"line":104,"column":56}},"69":{"start":{"line":105,"column":4},"end":{"line":105,"column":67}},"70":{"start":{"line":109,"column":0},"end":{"line":109,"column":24}}},"fnMap":{"0":{"name":"(anonymous_0)","decl":{"start":{"line":7,"column":28},"end":{"line":7,"column":29}},"loc":{"start":{"line":7,"column":48},"end":{"line":18,"column":1}},"line":7},"1":{"name":"(anonymous_1)","decl":{"start":{"line":21,"column":17},"end":{"line":21,"column":18}},"loc":{"start":{"line":21,"column":37},"end":{"line":41,"column":1}},"line":21},"2":{"name":"(anonymous_2)","decl":{"start":{"line":44,"column":19},"end":{"line":44,"column":20}},"loc":{"start":{"line":44,"column":39},"end":{"line":54,"column":1}},"line":44},"3":{"name":"(anonymous_3)","decl":{"start":{"line":57,"column":19},"end":{"line":57,"column":20}},"loc":{"start":{"line":57,"column":39},"end":{"line":73,"column":1}},"line":57},"4":{"name":"(anonymous_4)","decl":{"start":{"line":76,"column":22},"end":{"line":76,"column":23}},"loc":{"start":{"line":76,"column":42},"end":{"line":87,"column":1}},"line":76},"5":{"name":"(anonymous_5)","decl":{"start":{"line":90,"column":40},"end":{"line":90,"column":41}},"loc":{"start":{"line":90,"column":60},"end":{"line":107,"column":1}},"line":90}},"branchMap":{"0":{"loc":{"start":{"line":10,"column":4},"end":{"line":10,"column":22}},"type":"if","locations":[{"start":{"line":10,"column":4},"end":{"line":10,"column":22}},{"start":{},"end":{}}],"line":10},"1":{"loc":{"start":{"line":25,"column":4},"end":{"line":27,"column":5}},"type":"if","locations":[{"start":{"line":25,"column":4},"end":{"line":27,"column":5}},{"start":{},"end":{}}],"line":25},"2":{"loc":{"start":{"line":30,"column":4},"end":{"line":30,"column":27}},"type":"if","locations":[{"start":{"line":30,"column":4},"end":{"line":30,"column":27}},{"start":{},"end":{}}],"line":30},"3":{"loc":{"start":{"line":33,"column":4},"end":{"line":33,"column":22}},"type":"if","locations":[{"start":{"line":33,"column":4},"end":{"line":33,"column":22}},{"start":{},"end":{}}],"line":33},"4":{"loc":{"start":{"line":35,"column":56},"end":{"line":35,"column":83}},"type":"binary-expr","locations":[{"start":{"line":35,"column":56},"end":{"line":35,"column":75}},{"start":{"line":35,"column":79},"end":{"line":35,"column":83}}],"line":35},"5":{"loc":{"start":{"line":47,"column":4},"end":{"line":47,"column":23}},"type":"if","locations":[{"start":{"line":47,"column":4},"end":{"line":47,"column":23}},{"start":{},"end":{}}],"line":47},"6":{"loc":{"start":{"line":62,"column":4},"end":{"line":62,"column":27}},"type":"if","locations":[{"start":{"line":62,"column":4},"end":{"line":62,"column":27}},{"start":{},"end":{}}],"line":62},"7":{"loc":{"start":{"line":65,"column":4},"end":{"line":65,"column":31}},"type":"if","locations":[{"start":{"line":65,"column":4},"end":{"line":65,"column":31}},{"start":{},"end":{}}],"line":65},"8":{"loc":{"start":{"line":67,"column":63},"end":{"line":67,"column":90}},"type":"binary-expr","locations":[{"start":{"line":67,"column":63},"end":{"line":67,"column":82}},{"start":{"line":67,"column":86},"end":{"line":67,"column":90}}],"line":67},"9":{"loc":{"start":{"line":79,"column":4},"end":{"line":79,"column":23}},"type":"if","locations":[{"start":{"line":79,"column":4},"end":{"line":79,"column":23}},{"start":{},"end":{}}],"line":79},"10":{"loc":{"start":{"line":94,"column":4},"end":{"line":96,"column":5}},"type":"if","locations":[{"start":{"line":94,"column":4},"end":{"line":96,"column":5}},{"start":{},"end":{}}],"line":94},"11":{"loc":{"start":{"line":94,"column":8},"end":{"line":94,"column":30}},"type":"binary-expr","locations":[{"start":{"line":94,"column":8},"end":{"line":94,"column":18}},{"start":{"line":94,"column":22},"end":{"line":94,"column":30}}],"line":94},"12":{"loc":{"start":{"line":99,"column":4},"end":{"line":99,"column":22}},"type":"if","locations":[{"start":{"line":99,"column":4},"end":{"line":99,"column":22}},{"start":{},"end":{}}],"line":99}},"s":{"0":2,"1":2,"2":2,"3":2,"4":2,"5":2,"6":2,"7":2,"8":1,"9":1,"10":1,"11":0,"12":0,"13":2,"14":13,"15":13,"16":13,"17":0,"18":13,"19":13,"20":2,"21":11,"22":11,"23":1,"24":10,"25":9,"26":1,"27":1,"28":2,"29":1,"30":1,"31":1,"32":1,"33":0,"34":0,"35":0,"36":2,"37":1,"38":1,"39":1,"40":1,"41":0,"42":1,"43":1,"44":0,"45":1,"46":1,"47":0,"48":0,"49":2,"50":1,"51":1,"52":1,"53":0,"54":1,"55":1,"56":0,"57":0,"58":2,"59":0,"60":0,"61":0,"62":0,"63":0,"64":0,"65":0,"66":0,"67":0,"68":0,"69":0,"70":2},"f":{"0":2,"1":13,"2":1,"3":1,"4":1,"5":0},"b":{"0":[1,1],"1":[0,13],"2":[2,11],"3":[1,10],"4":[10,8],"5":[1,0],"6":[0,1],"7":[0,1],"8":[1,0],"9":[0,1],"10":[0,0],"11":[0,0],"12":[0,0]},"_coverageSchema":"1a1c01bbd47fc00a2c39e90264f33305004495a9","hash":"1779ccd7aea1956049c5a99e4c21238bb17493d6"}
,"C:\\Users\\lui_h\\OneDrive\\Documents\\Code\\GenAI\\CSC698NeuralNote\\backend\\src\\routes\\helpers.js": {"path":"C:\\Users\\lui_h\\OneDrive\\Documents\\Code\\GenAI\\CSC698NeuralNote\\backend\\src\\routes\\helpers.js","statementMap":{"0":{"start":{"line":1,"column":13},"end":{"line":1,"column":38}},"1":{"start":{"line":2,"column":14},"end":{"line":2,"column":40}},"2":{"start":{"line":3,"column":35},"end":{"line":3,"column":50}},"3":{"start":{"line":6,"column":2},"end":{"line":9,"column":3}},"4":{"start":{"line":7,"column":4},"end":{"line":7,"column":50}},"5":{"start":{"line":8,"column":4},"end":{"line":8,"column":16}},"6":{"start":{"line":10,"column":2},"end":{"line":10,"column":22}},"7":{"start":{"line":14,"column":2},"end":{"line":17,"column":3}},"8":{"start":{"line":15,"column":4},"end":{"line":15,"column":54}},"9":{"start":{"line":16,"column":4},"end":{"line":16,"column":16}},"10":{"start":{"line":18,"column":15},"end":{"line":18,"column":42}},"11":{"start":{"line":19,"column":2},"end":{"line":22,"column":3}},"12":{"start":{"line":20,"column":4},"end":{"line":20,"column":54}},"13":{"start":{"line":21,"column":4},"end":{"line":21,"column":16}},"14":{"start":{"line":23,"column":2},"end":{"line":23,"column":14}},"15":{"start":{"line":27,"column":2},"end":{"line":30,"column":3}},"16":{"start":{"line":28,"column":4},"end":{"line":28,"column":55}},"17":{"start":{"line":29,"column":4},"end":{"line":29,"column":16}},"18":{"start":{"line":31,"column":16},"end":{"line":31,"column":45}},"19":{"start":{"line":32,"column":2},"end":{"line":35,"column":3}},"20":{"start":{"line":33,"column":4},"end":{"line":33,"column":55}},"21":{"start":{"line":34,"column":4},"end":{"line":34,"column":16}},"22":{"start":{"line":36,"column":2},"end":{"line":36,"column":15}},"23":{"start":{"line":39,"column":0},"end":{"line":43,"column":2}}},"fnMap":{"0":{"name":"requireString","decl":{"start":{"line":5,"column":9},"end":{"line":5,"column":22}},"loc":{"start":{"line":5,"column":49},"end":{"line":11,"column":1}},"line":5},"1":{"name":"getUserOr404","decl":{"start":{"line":13,"column":15},"end":{"line":13,"column":27}},"loc":{"start":{"line":13,"column":41},"end":{"line":24,"column":1}},"line":13},"2":{"name":"getHabitOr404","decl":{"start":{"line":26,"column":15},"end":{"line":26,"column":28}},"loc":{"start":{"line":26,"column":43},"end":{"line":37,"column":1}},"line":26}},"branchMap":{"0":{"loc":{"start":{"line":6,"column":2},"end":{"line":9,"column":3}},"type":"if","locations":[{"start":{"line":6,"column":2},"end":{"line":9,"column":3}},{"start":{},"end":{}}],"line":6},"1":{"loc":{"start":{"line":6,"column":6},"end":{"line":6,"column":70}},"type":"binary-expr","locations":[{"start":{"line":6,"column":6},"end":{"line":6,"column":12}},{"start":{"line":6,"column":16},"end":{"line":6,"column":41}},{"start":{"line":6,"column":45},"end":{"line":6,"column":70}}],"line":6},"2":{"loc":{"start":{"line":14,"column":2},"end":{"line":17,"column":3}},"type":"if","locations":[{"start":{"line":14,"column":2},"end":{"line":17,"column":3}},{"start":{},"end":{}}],"line":14},"3":{"loc":{"start":{"line":19,"column":2},"end":{"line":22,"column":3}},"type":"if","locations":[{"start":{"line":19,"column":2},"end":{"line":22,"column":3}},{"start":{},"end":{}}],"line":19},"4":{"loc":{"start":{"line":27,"column":2},"end":{"line":30,"column":3}},"type":"if","locations":[{"start":{"line":27,"column":2},"end":{"line":30,"column":3}},{"start":{},"end":{}}],"line":27},"5":{"loc":{"start":{"line":32,"column":2},"end":{"line":35,"column":3}},"type":"if","locations":[{"start":{"line":32,"column":2},"end":{"line":35,"column":3}},{"start":{},"end":{}}],"line":32}},"s":{"0":2,"1":2,"2":2,"3":46,"4":4,"5":4,"6":42,"7":24,"8":3,"9":3,"10":21,"11":21,"12":1,"13":1,"14":20,"15":3,"16":0,"17":0,"18":3,"19":3,"20":1,"21":1,"22":2,"23":2},"f":{"0":46,"1":24,"2":3},"b":{"0":[4,42],"1":[46,42,42],"2":[3,21],"3":[1,20],"4":[0,3],"5":[1,2]},"_coverageSchema":"1a1c01bbd47fc00a2c39e90264f33305004495a9","hash":"3cfaad2c2db491a3319330e52436723e5af6327f"}
,"C:\\Users\\lui_h\\OneDrive\\Documents\\Code\\GenAI\\CSC698NeuralNote\\backend\\src\\routes\\journal.js": {"path":"C:\\Users\\lui_h\\OneDrive\\Documents\\Code\\GenAI\\CSC698NeuralNote\\backend\\src\\routes\\journal.js","statementMap":{"0":{"start":{"line":1,"column":16},"end":{"line":1,"column":34}},"1":{"start":{"line":2,"column":15},"end":{"line":2,"column":31}},"2":{"start":{"line":3,"column":21},"end":{"line":3,"column":54}},"3":{"start":{"line":4,"column":14},"end":{"line":4,"column":40}},"4":{"start":{"line":5,"column":24},"end":{"line":5,"column":60}},"5":{"start":{"line":6,"column":18},"end":{"line":6,"column":50}},"6":{"start":{"line":7,"column":55},"end":{"line":7,"column":75}},"7":{"start":{"line":10,"column":0},"end":{"line":34,"column":3}},"8":{"start":{"line":11,"column":2},"end":{"line":33,"column":3}},"9":{"start":{"line":12,"column":17},"end":{"line":12,"column":59}},"10":{"start":{"line":13,"column":4},"end":{"line":13,"column":22}},"11":{"start":{"line":13,"column":15},"end":{"line":13,"column":22}},"12":{"start":{"line":15,"column":18},"end":{"line":15,"column":53}},"13":{"start":{"line":16,"column":19},"end":{"line":16,"column":54}},"14":{"start":{"line":17,"column":20},"end":{"line":17,"column":85}},"15":{"start":{"line":20,"column":30},"end":{"line":20,"column":32}},"16":{"start":{"line":21,"column":4},"end":{"line":27,"column":5}},"17":{"start":{"line":22,"column":30},"end":{"line":22,"column":77}},"18":{"start":{"line":23,"column":6},"end":{"line":26,"column":9}},"19":{"start":{"line":29,"column":4},"end":{"line":29,"column":32}},"20":{"start":{"line":31,"column":4},"end":{"line":31,"column":60}},"21":{"start":{"line":32,"column":4},"end":{"line":32,"column":71}},"22":{"start":{"line":37,"column":0},"end":{"line":84,"column":3}},"23":{"start":{"line":38,"column":2},"end":{"line":83,"column":3}},"24":{"start":{"line":39,"column":32},"end":{"line":39,"column":40}},"25":{"start":{"line":41,"column":4},"end":{"line":43,"column":5}},"26":{"start":{"line":42,"column":6},"end":{"line":42,"column":68}},"27":{"start":{"line":45,"column":25},"end":{"line":45,"column":89}},"28":{"start":{"line":46,"column":4},"end":{"line":46,"column":30}},"29":{"start":{"line":46,"column":23},"end":{"line":46,"column":30}},"30":{"start":{"line":48,"column":17},"end":{"line":48,"column":48}},"31":{"start":{"line":49,"column":4},"end":{"line":49,"column":22}},"32":{"start":{"line":49,"column":15},"end":{"line":49,"column":22}},"33":{"start":{"line":52,"column":23},"end":{"line":52,"column":55}},"34":{"start":{"line":55,"column":23},"end":{"line":55,"column":83}},"35":{"start":{"line":58,"column":18},"end":{"line":64,"column":5}},"36":{"start":{"line":67,"column":28},"end":{"line":67,"column":30}},"37":{"start":{"line":68,"column":4},"end":{"line":74,"column":5}},"38":{"start":{"line":69,"column":25},"end":{"line":69,"column":72}},"39":{"start":{"line":70,"column":6},"end":{"line":73,"column":7}},"40":{"start":{"line":71,"column":22},"end":{"line":71,"column":51}},"41":{"start":{"line":72,"column":8},"end":{"line":72,"column":36}},"42":{"start":{"line":76,"column":4},"end":{"line":79,"column":7}},"43":{"start":{"line":81,"column":4},"end":{"line":81,"column":58}},"44":{"start":{"line":82,"column":4},"end":{"line":82,"column":70}},"45":{"start":{"line":87,"column":0},"end":{"line":105,"column":3}},"46":{"start":{"line":88,"column":2},"end":{"line":104,"column":3}},"47":{"start":{"line":89,"column":18},"end":{"line":89,"column":60}},"48":{"start":{"line":91,"column":4},"end":{"line":93,"column":5}},"49":{"start":{"line":92,"column":6},"end":{"line":92,"column":72}},"50":{"start":{"line":95,"column":28},"end":{"line":95,"column":75}},"51":{"start":{"line":97,"column":4},"end":{"line":100,"column":7}},"52":{"start":{"line":102,"column":4},"end":{"line":102,"column":58}},"53":{"start":{"line":103,"column":4},"end":{"line":103,"column":69}},"54":{"start":{"line":108,"column":0},"end":{"line":159,"column":3}},"55":{"start":{"line":109,"column":2},"end":{"line":158,"column":3}},"56":{"start":{"line":110,"column":24},"end":{"line":110,"column":32}},"57":{"start":{"line":112,"column":25},"end":{"line":112,"column":89}},"58":{"start":{"line":113,"column":4},"end":{"line":113,"column":30}},"59":{"start":{"line":113,"column":23},"end":{"line":113,"column":30}},"60":{"start":{"line":115,"column":26},"end":{"line":115,"column":68}},"61":{"start":{"line":116,"column":4},"end":{"line":118,"column":5}},"62":{"start":{"line":117,"column":6},"end":{"line":117,"column":72}},"63":{"start":{"line":121,"column":23},"end":{"line":121,"column":70}},"64":{"start":{"line":124,"column":23},"end":{"line":124,"column":83}},"65":{"start":{"line":127,"column":18},"end":{"line":133,"column":5}},"66":{"start":{"line":136,"column":27},"end":{"line":136,"column":82}},"67":{"start":{"line":137,"column":4},"end":{"line":139,"column":5}},"68":{"start":{"line":138,"column":6},"end":{"line":138,"column":50}},"69":{"start":{"line":142,"column":28},"end":{"line":142,"column":30}},"70":{"start":{"line":143,"column":4},"end":{"line":149,"column":5}},"71":{"start":{"line":144,"column":25},"end":{"line":144,"column":72}},"72":{"start":{"line":145,"column":6},"end":{"line":148,"column":7}},"73":{"start":{"line":146,"column":22},"end":{"line":146,"column":51}},"74":{"start":{"line":147,"column":8},"end":{"line":147,"column":36}},"75":{"start":{"line":151,"column":4},"end":{"line":154,"column":7}},"76":{"start":{"line":156,"column":4},"end":{"line":156,"column":58}},"77":{"start":{"line":157,"column":4},"end":{"line":157,"column":70}},"78":{"start":{"line":162,"column":0},"end":{"line":176,"column":3}},"79":{"start":{"line":163,"column":2},"end":{"line":175,"column":3}},"80":{"start":{"line":164,"column":18},"end":{"line":164,"column":60}},"81":{"start":{"line":166,"column":4},"end":{"line":168,"column":5}},"82":{"start":{"line":167,"column":6},"end":{"line":167,"column":72}},"83":{"start":{"line":170,"column":4},"end":{"line":170,"column":45}},"84":{"start":{"line":171,"column":4},"end":{"line":171,"column":27}},"85":{"start":{"line":173,"column":4},"end":{"line":173,"column":58}},"86":{"start":{"line":174,"column":4},"end":{"line":174,"column":70}},"87":{"start":{"line":179,"column":0},"end":{"line":208,"column":3}},"88":{"start":{"line":180,"column":2},"end":{"line":207,"column":3}},"89":{"start":{"line":181,"column":18},"end":{"line":181,"column":60}},"90":{"start":{"line":182,"column":4},"end":{"line":184,"column":5}},"91":{"start":{"line":183,"column":6},"end":{"line":183,"column":72}},"92":{"start":{"line":186,"column":18},"end":{"line":186,"column":62}},"93":{"start":{"line":187,"column":4},"end":{"line":187,"column":23}},"94":{"start":{"line":187,"column":16},"end":{"line":187,"column":23}},"95":{"start":{"line":190,"column":31},"end":{"line":193,"column":5}},"96":{"start":{"line":195,"column":4},"end":{"line":203,"column":5}},"97":{"start":{"line":197,"column":6},"end":{"line":197,"column":58}},"98":{"start":{"line":198,"column":6},"end":{"line":198,"column":44}},"99":{"start":{"line":201,"column":6},"end":{"line":201,"column":70}},"100":{"start":{"line":202,"column":6},"end":{"line":202,"column":43}},"101":{"start":{"line":205,"column":4},"end":{"line":205,"column":61}},"102":{"start":{"line":206,"column":4},"end":{"line":206,"column":73}},"103":{"start":{"line":210,"column":0},"end":{"line":210,"column":24}}},"fnMap":{"0":{"name":"(anonymous_0)","decl":{"start":{"line":10,"column":28},"end":{"line":10,"column":29}},"loc":{"start":{"line":10,"column":48},"end":{"line":34,"column":1}},"line":10},"1":{"name":"(anonymous_1)","decl":{"start":{"line":37,"column":17},"end":{"line":37,"column":18}},"loc":{"start":{"line":37,"column":37},"end":{"line":84,"column":1}},"line":37},"2":{"name":"(anonymous_2)","decl":{"start":{"line":87,"column":19},"end":{"line":87,"column":20}},"loc":{"start":{"line":87,"column":39},"end":{"line":105,"column":1}},"line":87},"3":{"name":"(anonymous_3)","decl":{"start":{"line":108,"column":19},"end":{"line":108,"column":20}},"loc":{"start":{"line":108,"column":39},"end":{"line":159,"column":1}},"line":108},"4":{"name":"(anonymous_4)","decl":{"start":{"line":162,"column":22},"end":{"line":162,"column":23}},"loc":{"start":{"line":162,"column":42},"end":{"line":176,"column":1}},"line":162},"5":{"name":"(anonymous_5)","decl":{"start":{"line":179,"column":43},"end":{"line":179,"column":44}},"loc":{"start":{"line":179,"column":63},"end":{"line":208,"column":1}},"line":179}},"branchMap":{"0":{"loc":{"start":{"line":13,"column":4},"end":{"line":13,"column":22}},"type":"if","locations":[{"start":{"line":13,"column":4},"end":{"line":13,"column":22}},{"start":{},"end":{}}],"line":13},"1":{"loc":{"start":{"line":15,"column":18},"end":{"line":15,"column":53}},"type":"binary-expr","locations":[{"start":{"line":15,"column":18},"end":{"line":15,"column":47}},{"start":{"line":15,"column":51},"end":{"line":15,"column":53}}],"line":15},"2":{"loc":{"start":{"line":16,"column":19},"end":{"line":16,"column":54}},"type":"binary-expr","locations":[{"start":{"line":16,"column":19},"end":{"line":16,"column":49}},{"start":{"line":16,"column":53},"end":{"line":16,"column":54}}],"line":16},"3":{"loc":{"start":{"line":41,"column":4},"end":{"line":43,"column":5}},"type":"if","locations":[{"start":{"line":41,"column":4},"end":{"line":43,"column":5}},{"start":{},"end":{}}],"line":41},"4":{"loc":{"start":{"line":46,"column":4},"end":{"line":46,"column":30}},"type":"if","locations":[{"start":{"line":46,"column":4},"end":{"line":46,"column":30}},{"start":{},"end":{}}],"line":46},"5":{"loc":{"start":{"line":49,"column":4},"end":{"line":49,"column":22}},"type":"if","locations":[{"start":{"line":49,"column":4},"end":{"line":49,"column":22}},{"start":{},"end":{}}],"line":49},"6":{"loc":{"start":{"line":70,"column":6},"end":{"line":73,"column":7}},"type":"if","locations":[{"start":{"line":70,"column":6},"end":{"line":73,"column":7}},{"start":{},"end":{}}],"line":70},"7":{"loc":{"start":{"line":91,"column":4},"end":{"line":93,"column":5}},"type":"if","locations":[{"start":{"line":91,"column":4},"end":{"line":93,"column":5}},{"start":{},"end":{}}],"line":91},"8":{"loc":{"start":{"line":113,"column":4},"end":{"line":113,"column":30}},"type":"if","locations":[{"start":{"line":113,"column":4},"end":{"line":113,"column":30}},{"start":{},"end":{}}],"line":113},"9":{"loc":{"start":{"line":116,"column":4},"end":{"line":118,"column":5}},"type":"if","locations":[{"start":{"line":116,"column":4},"end":{"line":118,"column":5}},{"start":{},"end":{}}],"line":116},"10":{"loc":{"start":{"line":145,"column":6},"end":{"line":148,"column":7}},"type":"if","locations":[{"start":{"line":145,"column":6},"end":{"line":148,"column":7}},{"start":{},"end":{}}],"line":145},"11":{"loc":{"start":{"line":166,"column":4},"end":{"line":168,"column":5}},"type":"if","locations":[{"start":{"line":166,"column":4},"end":{"line":168,"column":5}},{"start":{},"end":{}}],"line":166},"12":{"loc":{"start":{"line":182,"column":4},"end":{"line":184,"column":5}},"type":"if","locations":[{"start":{"line":182,"column":4},"end":{"line":184,"column":5}},{"start":{},"end":{}}],"line":182},"13":{"loc":{"start":{"line":187,"column":4},"end":{"line":187,"column":23}},"type":"if","locations":[{"start":{"line":187,"column":4},"end":{"line":187,"column":23}},{"start":{},"end":{}}],"line":187},"14":{"loc":{"start":{"line":195,"column":4},"end":{"line":203,"column":5}},"type":"if","locations":[{"start":{"line":195,"column":4},"end":{"line":203,"column":5}},{"start":{"line":199,"column":11},"end":{"line":203,"column":5}}],"line":195}},"s":{"0":2,"1":2,"2":2,"3":2,"4":2,"5":2,"6":2,"7":2,"8":1,"9":1,"10":1,"11":0,"12":1,"13":1,"14":1,"15":1,"16":1,"17":2,"18":2,"19":1,"20":0,"21":0,"22":2,"23":9,"24":9,"25":9,"26":0,"27":9,"28":9,"29":1,"30":8,"31":8,"32":0,"33":8,"34":8,"35":6,"36":5,"37":5,"38":1,"39":1,"40":1,"41":1,"42":5,"43":1,"44":1,"45":2,"46":0,"47":0,"48":0,"49":0,"50":0,"51":0,"52":0,"53":0,"54":2,"55":1,"56":1,"57":1,"58":1,"59":0,"60":1,"61":1,"62":0,"63":1,"64":1,"65":1,"66":1,"67":1,"68":0,"69":1,"70":1,"71":0,"72":0,"73":0,"74":0,"75":1,"76":0,"77":0,"78":2,"79":0,"80":0,"81":0,"82":0,"83":0,"84":0,"85":0,"86":0,"87":2,"88":1,"89":1,"90":0,"91":0,"92":0,"93":0,"94":0,"95":0,"96":0,"97":0,"98":0,"99":0,"100":0,"101":1,"102":1,"103":2},"f":{"0":1,"1":9,"2":0,"3":1,"4":0,"5":1},"b":{"0":[0,1],"1":[1,1],"2":[1,1],"3":[0,9],"4":[1,8],"5":[0,8],"6":[1,0],"7":[0,0],"8":[0,1],"9":[0,1],"10":[0,0],"11":[0,0],"12":[0,0],"13":[0,0],"14":[0,0]},"_coverageSchema":"1a1c01bbd47fc00a2c39e90264f33305004495a9","hash":"a9f28d9ad0edf6195b2f8834b044333631e91ca5"}
,"C:\\Users\\lui_h\\OneDrive\\Documents\\Code\\GenAI\\CSC698NeuralNote\\backend\\src\\routes\\users.js": {"path":"C:\\Users\\lui_h\\OneDrive\\Documents\\Code\\GenAI\\CSC698NeuralNote\\backend\\src\\routes\\users.js","statementMap":{"0":{"start":{"line":1,"column":16},"end":{"line":1,"column":34}},"1":{"start":{"line":2,"column":15},"end":{"line":2,"column":31}},"2":{"start":{"line":3,"column":13},"end":{"line":3,"column":38}},"3":{"start":{"line":4,"column":26},"end":{"line":4,"column":46}},"4":{"start":{"line":7,"column":0},"end":{"line":18,"column":3}},"5":{"start":{"line":8,"column":2},"end":{"line":17,"column":3}},"6":{"start":{"line":9,"column":21},"end":{"line":9,"column":82}},"7":{"start":{"line":10,"column":4},"end":{"line":10,"column":26}},"8":{"start":{"line":10,"column":19},"end":{"line":10,"column":26}},"9":{"start":{"line":12,"column":17},"end":{"line":12,"column":50}},"10":{"start":{"line":13,"column":4},"end":{"line":13,"column":31}},"11":{"start":{"line":15,"column":4},"end":{"line":15,"column":49}},"12":{"start":{"line":16,"column":4},"end":{"line":16,"column":61}},"13":{"start":{"line":21,"column":0},"end":{"line":34,"column":3}},"14":{"start":{"line":22,"column":2},"end":{"line":33,"column":3}},"15":{"start":{"line":23,"column":17},"end":{"line":23,"column":51}},"16":{"start":{"line":25,"column":4},"end":{"line":27,"column":5}},"17":{"start":{"line":26,"column":6},"end":{"line":26,"column":63}},"18":{"start":{"line":29,"column":4},"end":{"line":29,"column":19}},"19":{"start":{"line":31,"column":4},"end":{"line":31,"column":49}},"20":{"start":{"line":32,"column":4},"end":{"line":32,"column":60}},"21":{"start":{"line":36,"column":0},"end":{"line":36,"column":24}}},"fnMap":{"0":{"name":"(anonymous_0)","decl":{"start":{"line":7,"column":17},"end":{"line":7,"column":18}},"loc":{"start":{"line":7,"column":37},"end":{"line":18,"column":1}},"line":7},"1":{"name":"(anonymous_1)","decl":{"start":{"line":21,"column":19},"end":{"line":21,"column":20}},"loc":{"start":{"line":21,"column":39},"end":{"line":34,"column":1}},"line":21}},"branchMap":{"0":{"loc":{"start":{"line":10,"column":4},"end":{"line":10,"column":26}},"type":"if","locations":[{"start":{"line":10,"column":4},"end":{"line":10,"column":26}},{"start":{},"end":{}}],"line":10},"1":{"loc":{"start":{"line":25,"column":4},"end":{"line":27,"column":5}},"type":"if","locations":[{"start":{"line":25,"column":4},"end":{"line":27,"column":5}},{"start":{},"end":{}}],"line":25}},"s":{"0":2,"1":2,"2":2,"3":2,"4":2,"5":22,"6":22,"7":22,"8":1,"9":21,"10":21,"11":0,"12":0,"13":2,"14":2,"15":2,"16":1,"17":0,"18":1,"19":1,"20":1,"21":2},"f":{"0":22,"1":2},"b":{"0":[1,21],"1":[0,1]},"_coverageSchema":"1a1c01bbd47fc00a2c39e90264f33305004495a9","hash":"f202e931adb8e9bebe4d6c96c3980447271509bb"}
,"C:\\Users\\lui_h\\OneDrive\\Documents\\Code\\GenAI\\CSC698NeuralNote\\backend\\src\\services\\aiService.js": {"path":"C:\\Users\\lui_h\\OneDrive\\Documents\\Code\\GenAI\\CSC698NeuralNote\\backend\\src\\services\\aiService.js","statementMap":{"0":{"start":{"line":8,"column":13},"end":{"line":8,"column":32}},"1":{"start":{"line":10,"column":11},"end":{"line":10,"column":15}},"2":{"start":{"line":11,"column":20},"end":{"line":11,"column":54}},"3":{"start":{"line":15,"column":2},"end":{"line":17,"column":3}},"4":{"start":{"line":16,"column":4},"end":{"line":16,"column":58}},"5":{"start":{"line":18,"column":2},"end":{"line":18,"column":14}},"6":{"start":{"line":22,"column":24},"end":{"line":30,"column":1}},"7":{"start":{"line":33,"column":21},"end":{"line":74,"column":1}},"8":{"start":{"line":82,"column":2},"end":{"line":85,"column":3}},"9":{"start":{"line":83,"column":4},"end":{"line":83,"column":94}},"10":{"start":{"line":84,"column":4},"end":{"line":84,"column":39}},"11":{"start":{"line":87,"column":2},"end":{"line":145,"column":3}},"12":{"start":{"line":88,"column":4},"end":{"line":88,"column":58}},"13":{"start":{"line":91,"column":4},"end":{"line":94,"column":5}},"14":{"start":{"line":92,"column":6},"end":{"line":92,"column":82}},"15":{"start":{"line":93,"column":6},"end":{"line":93,"column":41}},"16":{"start":{"line":96,"column":23},"end":{"line":96,"column":39}},"17":{"start":{"line":97,"column":4},"end":{"line":100,"column":5}},"18":{"start":{"line":98,"column":6},"end":{"line":98,"column":78}},"19":{"start":{"line":99,"column":6},"end":{"line":99,"column":41}},"20":{"start":{"line":102,"column":23},"end":{"line":117,"column":6}},"21":{"start":{"line":119,"column":18},"end":{"line":119,"column":63}},"22":{"start":{"line":122,"column":4},"end":{"line":122,"column":43}},"23":{"start":{"line":125,"column":4},"end":{"line":125,"column":57}},"24":{"start":{"line":127,"column":4},"end":{"line":127,"column":61}},"25":{"start":{"line":130,"column":4},"end":{"line":130,"column":48}},"26":{"start":{"line":132,"column":4},"end":{"line":132,"column":56}},"27":{"start":{"line":135,"column":4},"end":{"line":141,"column":5}},"28":{"start":{"line":136,"column":6},"end":{"line":136,"column":55}},"29":{"start":{"line":137,"column":6},"end":{"line":137,"column":21}},"30":{"start":{"line":139,"column":6},"end":{"line":139,"column":97}},"31":{"start":{"line":140,"column":6},"end":{"line":140,"column":41}},"32":{"start":{"line":143,"column":4},"end":{"line":143,"column":79}},"33":{"start":{"line":144,"column":4},"end":{"line":144,"column":39}},"34":{"start":{"line":154,"column":23},"end":{"line":154,"column":44}},"35":{"start":{"line":155,"column":24},"end":{"line":155,"column":26}},"36":{"start":{"line":157,"column":2},"end":{"line":164,"column":3}},"37":{"start":{"line":158,"column":4},"end":{"line":158,"column":31}},"38":{"start":{"line":159,"column":4},"end":{"line":163,"column":5}},"39":{"start":{"line":160,"column":6},"end":{"line":162,"column":7}},"40":{"start":{"line":161,"column":8},"end":{"line":161,"column":33}},"41":{"start":{"line":167,"column":17},"end":{"line":167,"column":18}},"42":{"start":{"line":168,"column":24},"end":{"line":168,"column":33}},"43":{"start":{"line":170,"column":2},"end":{"line":175,"column":3}},"44":{"start":{"line":171,"column":4},"end":{"line":174,"column":5}},"45":{"start":{"line":172,"column":6},"end":{"line":172,"column":23}},"46":{"start":{"line":173,"column":6},"end":{"line":173,"column":32}},"47":{"start":{"line":177,"column":2},"end":{"line":177,"column":25}},"48":{"start":{"line":186,"column":2},"end":{"line":186,"column":40}},"49":{"start":{"line":196,"column":2},"end":{"line":199,"column":3}},"50":{"start":{"line":197,"column":4},"end":{"line":197,"column":90}},"51":{"start":{"line":198,"column":4},"end":{"line":198,"column":41}},"52":{"start":{"line":201,"column":2},"end":{"line":267,"column":3}},"53":{"start":{"line":202,"column":4},"end":{"line":202,"column":54}},"54":{"start":{"line":203,"column":4},"end":{"line":203,"column":69}},"55":{"start":{"line":206,"column":4},"end":{"line":209,"column":5}},"56":{"start":{"line":207,"column":6},"end":{"line":207,"column":68}},"57":{"start":{"line":208,"column":6},"end":{"line":208,"column":43}},"58":{"start":{"line":211,"column":23},"end":{"line":211,"column":39}},"59":{"start":{"line":212,"column":4},"end":{"line":215,"column":5}},"60":{"start":{"line":213,"column":6},"end":{"line":213,"column":79}},"61":{"start":{"line":214,"column":6},"end":{"line":214,"column":43}},"62":{"start":{"line":218,"column":23},"end":{"line":233,"column":6}},"63":{"start":{"line":235,"column":18},"end":{"line":235,"column":63}},"64":{"start":{"line":237,"column":4},"end":{"line":237,"column":48}},"65":{"start":{"line":240,"column":4},"end":{"line":240,"column":29}},"66":{"start":{"line":243,"column":4},"end":{"line":243,"column":125}},"67":{"start":{"line":246,"column":4},"end":{"line":246,"column":57}},"68":{"start":{"line":249,"column":4},"end":{"line":249,"column":71}},"69":{"start":{"line":251,"column":4},"end":{"line":251,"column":56}},"70":{"start":{"line":254,"column":25},"end":{"line":254,"column":53}},"71":{"start":{"line":255,"column":25},"end":{"line":255,"column":53}},"72":{"start":{"line":257,"column":4},"end":{"line":260,"column":5}},"73":{"start":{"line":258,"column":6},"end":{"line":258,"column":85}},"74":{"start":{"line":259,"column":6},"end":{"line":259,"column":43}},"75":{"start":{"line":262,"column":4},"end":{"line":262,"column":19}},"76":{"start":{"line":264,"column":4},"end":{"line":264,"column":61}},"77":{"start":{"line":265,"column":4},"end":{"line":265,"column":56}},"78":{"start":{"line":266,"column":4},"end":{"line":266,"column":41}},"79":{"start":{"line":276,"column":2},"end":{"line":276,"column":53}},"80":{"start":{"line":278,"column":23},"end":{"line":278,"column":44}},"81":{"start":{"line":281,"column":18},"end":{"line":281,"column":46}},"82":{"start":{"line":282,"column":16},"end":{"line":282,"column":46}},"83":{"start":{"line":285,"column":21},"end":{"line":285,"column":47}},"84":{"start":{"line":288,"column":16},"end":{"line":288,"column":18}},"85":{"start":{"line":291,"column":2},"end":{"line":293,"column":3}},"86":{"start":{"line":292,"column":4},"end":{"line":292,"column":51}},"87":{"start":{"line":296,"column":2},"end":{"line":313,"column":3}},"88":{"start":{"line":297,"column":4},"end":{"line":308,"column":5}},"89":{"start":{"line":298,"column":6},"end":{"line":298,"column":31}},"90":{"start":{"line":299,"column":11},"end":{"line":308,"column":5}},"91":{"start":{"line":300,"column":6},"end":{"line":300,"column":57}},"92":{"start":{"line":303,"column":28},"end":{"line":303,"column":50}},"93":{"start":{"line":304,"column":6},"end":{"line":304,"column":42}},"94":{"start":{"line":305,"column":6},"end":{"line":307,"column":7}},"95":{"start":{"line":306,"column":8},"end":{"line":306,"column":32}},"96":{"start":{"line":309,"column":4},"end":{"line":309,"column":19}},"97":{"start":{"line":312,"column":4},"end":{"line":312,"column":44}},"98":{"start":{"line":315,"column":2},"end":{"line":315,"column":24}},"99":{"start":{"line":324,"column":21},"end":{"line":324,"column":23}},"100":{"start":{"line":325,"column":23},"end":{"line":325,"column":44}},"101":{"start":{"line":328,"column":25},"end":{"line":339,"column":3}},"102":{"start":{"line":342,"column":2},"end":{"line":353,"column":3}},"103":{"start":{"line":343,"column":20},"end":{"line":343,"column":45}},"104":{"start":{"line":344,"column":4},"end":{"line":351,"column":5}},"105":{"start":{"line":345,"column":23},"end":{"line":345,"column":38}},"106":{"start":{"line":347,"column":20},"end":{"line":347,"column":52}},"107":{"start":{"line":348,"column":6},"end":{"line":348,"column":49}},"108":{"start":{"line":348,"column":32},"end":{"line":348,"column":49}},"109":{"start":{"line":349,"column":6},"end":{"line":349,"column":31}},"110":{"start":{"line":350,"column":6},"end":{"line":350,"column":40}},"111":{"start":{"line":350,"column":34},"end":{"line":350,"column":40}},"112":{"start":{"line":352,"column":4},"end":{"line":352,"column":38}},"113":{"start":{"line":352,"column":32},"end":{"line":352,"column":38}},"114":{"start":{"line":356,"column":2},"end":{"line":371,"column":3}},"115":{"start":{"line":357,"column":22},"end":{"line":357,"column":79}},"116":{"start":{"line":357,"column":58},"end":{"line":357,"column":78}},"117":{"start":{"line":358,"column":4},"end":{"line":370,"column":5}},"118":{"start":{"line":359,"column":28},"end":{"line":359,"column":50}},"119":{"start":{"line":361,"column":24},"end":{"line":361,"column":129}},"120":{"start":{"line":362,"column":6},"end":{"line":369,"column":7}},"121":{"start":{"line":363,"column":22},"end":{"line":363,"column":37}},"122":{"start":{"line":364,"column":8},"end":{"line":366,"column":9}},"123":{"start":{"line":365,"column":10},"end":{"line":365,"column":53}},"124":{"start":{"line":367,"column":8},"end":{"line":367,"column":33}},"125":{"start":{"line":368,"column":8},"end":{"line":368,"column":42}},"126":{"start":{"line":368,"column":36},"end":{"line":368,"column":42}},"127":{"start":{"line":373,"column":2},"end":{"line":373,"column":20}},"128":{"start":{"line":382,"column":23},"end":{"line":382,"column":44}},"129":{"start":{"line":385,"column":2},"end":{"line":387,"column":3}},"130":{"start":{"line":386,"column":4},"end":{"line":386,"column":29}},"131":{"start":{"line":388,"column":2},"end":{"line":390,"column":3}},"132":{"start":{"line":389,"column":4},"end":{"line":389,"column":25}},"133":{"start":{"line":391,"column":2},"end":{"line":393,"column":3}},"134":{"start":{"line":392,"column":4},"end":{"line":392,"column":50}},"135":{"start":{"line":394,"column":2},"end":{"line":396,"column":3}},"136":{"start":{"line":395,"column":4},"end":{"line":395,"column":33}},"137":{"start":{"line":397,"column":2},"end":{"line":399,"column":3}},"138":{"start":{"line":398,"column":4},"end":{"line":398,"column":44}},"139":{"start":{"line":402,"column":18},"end":{"line":402,"column":46}},"140":{"start":{"line":403,"column":2},"end":{"line":403,"column":30}},"141":{"start":{"line":412,"column":30},"end":{"line":412,"column":75}},"142":{"start":{"line":413,"column":22},"end":{"line":413,"column":76}},"143":{"start":{"line":414,"column":2},"end":{"line":414,"column":42}},"144":{"start":{"line":418,"column":26},"end":{"line":423,"column":1}},"145":{"start":{"line":432,"column":23},"end":{"line":432,"column":44}},"146":{"start":{"line":433,"column":26},"end":{"line":433,"column":28}},"147":{"start":{"line":435,"column":2},"end":{"line":460,"column":3}},"148":{"start":{"line":436,"column":27},"end":{"line":436,"column":51}},"149":{"start":{"line":437,"column":23},"end":{"line":437,"column":48}},"150":{"start":{"line":440,"column":25},"end":{"line":440,"column":62}},"151":{"start":{"line":442,"column":4},"end":{"line":447,"column":5}},"152":{"start":{"line":444,"column":6},"end":{"line":446,"column":8}},"153":{"start":{"line":445,"column":8},"end":{"line":445,"column":54}},"154":{"start":{"line":449,"column":4},"end":{"line":459,"column":5}},"155":{"start":{"line":451,"column":35},"end":{"line":453,"column":7}},"156":{"start":{"line":452,"column":8},"end":{"line":452,"column":37}},"157":{"start":{"line":456,"column":6},"end":{"line":458,"column":7}},"158":{"start":{"line":457,"column":8},"end":{"line":457,"column":39}},"159":{"start":{"line":462,"column":2},"end":{"line":462,"column":25}},"160":{"start":{"line":472,"column":18},"end":{"line":472,"column":46}},"161":{"start":{"line":473,"column":18},"end":{"line":473,"column":48}},"162":{"start":{"line":474,"column":22},"end":{"line":474,"column":56}},"163":{"start":{"line":475,"column":25},"end":{"line":475,"column":67}},"164":{"start":{"line":477,"column":2},"end":{"line":482,"column":4}},"165":{"start":{"line":491,"column":2},"end":{"line":493,"column":3}},"166":{"start":{"line":492,"column":4},"end":{"line":492,"column":40}},"167":{"start":{"line":495,"column":2},"end":{"line":545,"column":3}},"168":{"start":{"line":497,"column":31},"end":{"line":506,"column":25}},"169":{"start":{"line":508,"column":23},"end":{"line":508,"column":39}},"170":{"start":{"line":509,"column":4},"end":{"line":512,"column":5}},"171":{"start":{"line":510,"column":6},"end":{"line":510,"column":83}},"172":{"start":{"line":511,"column":6},"end":{"line":511,"column":42}},"173":{"start":{"line":514,"column":23},"end":{"line":528,"column":6}},"174":{"start":{"line":530,"column":22},"end":{"line":530,"column":67}},"175":{"start":{"line":533,"column":4},"end":{"line":533,"column":52}},"176":{"start":{"line":534,"column":4},"end":{"line":534,"column":65}},"177":{"start":{"line":537,"column":4},"end":{"line":539,"column":5}},"178":{"start":{"line":538,"column":6},"end":{"line":538,"column":42}},"179":{"start":{"line":541,"column":4},"end":{"line":541,"column":23}},"180":{"start":{"line":543,"column":4},"end":{"line":543,"column":68}},"181":{"start":{"line":544,"column":4},"end":{"line":544,"column":40}},"182":{"start":{"line":548,"column":0},"end":{"line":556,"column":2}}},"fnMap":{"0":{"name":"initializeGroq","decl":{"start":{"line":14,"column":9},"end":{"line":14,"column":23}},"loc":{"start":{"line":14,"column":26},"end":{"line":19,"column":1}},"line":14},"1":{"name":"detectEmotionAI","decl":{"start":{"line":81,"column":15},"end":{"line":81,"column":30}},"loc":{"start":{"line":81,"column":40},"end":{"line":146,"column":1}},"line":81},"2":{"name":"detectEmotionLocal","decl":{"start":{"line":153,"column":9},"end":{"line":153,"column":27}},"loc":{"start":{"line":153,"column":37},"end":{"line":178,"column":1}},"line":153},"3":{"name":"detectEmotion","decl":{"start":{"line":185,"column":15},"end":{"line":185,"column":28}},"loc":{"start":{"line":185,"column":38},"end":{"line":187,"column":1}},"line":185},"4":{"name":"generateSummary","decl":{"start":{"line":194,"column":15},"end":{"line":194,"column":30}},"loc":{"start":{"line":194,"column":40},"end":{"line":268,"column":1}},"line":194},"5":{"name":"generateSummaryLocal","decl":{"start":{"line":275,"column":15},"end":{"line":275,"column":35}},"loc":{"start":{"line":275,"column":45},"end":{"line":316,"column":1}},"line":275},"6":{"name":"extractActivities","decl":{"start":{"line":323,"column":9},"end":{"line":323,"column":26}},"loc":{"start":{"line":323,"column":36},"end":{"line":374,"column":1}},"line":323},"7":{"name":"(anonymous_7)","decl":{"start":{"line":357,"column":53},"end":{"line":357,"column":54}},"loc":{"start":{"line":357,"column":58},"end":{"line":357,"column":78}},"line":357},"8":{"name":"detectMainTheme","decl":{"start":{"line":381,"column":15},"end":{"line":381,"column":30}},"loc":{"start":{"line":381,"column":40},"end":{"line":404,"column":1}},"line":381},"9":{"name":"getAffirmationLocal","decl":{"start":{"line":411,"column":9},"end":{"line":411,"column":28}},"loc":{"start":{"line":411,"column":38},"end":{"line":415,"column":1}},"line":411},"10":{"name":"detectCompletedHabits","decl":{"start":{"line":431,"column":9},"end":{"line":431,"column":30}},"loc":{"start":{"line":431,"column":52},"end":{"line":463,"column":1}},"line":431},"11":{"name":"(anonymous_11)","decl":{"start":{"line":444,"column":39},"end":{"line":444,"column":40}},"loc":{"start":{"line":445,"column":8},"end":{"line":445,"column":54}},"line":445},"12":{"name":"(anonymous_12)","decl":{"start":{"line":451,"column":58},"end":{"line":451,"column":59}},"loc":{"start":{"line":452,"column":8},"end":{"line":452,"column":37}},"line":452},"13":{"name":"generateReflection","decl":{"start":{"line":471,"column":15},"end":{"line":471,"column":33}},"loc":{"start":{"line":471,"column":60},"end":{"line":483,"column":1}},"line":471},"14":{"name":"generateAffirmation","decl":{"start":{"line":490,"column":15},"end":{"line":490,"column":34}},"loc":{"start":{"line":490,"column":44},"end":{"line":546,"column":1}},"line":490}},"branchMap":{"0":{"loc":{"start":{"line":11,"column":20},"end":{"line":11,"column":54}},"type":"binary-expr","locations":[{"start":{"line":11,"column":20},"end":{"line":11,"column":43}},{"start":{"line":11,"column":47},"end":{"line":11,"column":54}}],"line":11},"1":{"loc":{"start":{"line":15,"column":2},"end":{"line":17,"column":3}},"type":"if","locations":[{"start":{"line":15,"column":2},"end":{"line":17,"column":3}},{"start":{},"end":{}}],"line":15},"2":{"loc":{"start":{"line":15,"column":6},"end":{"line":15,"column":39}},"type":"binary-expr","locations":[{"start":{"line":15,"column":6},"end":{"line":15,"column":11}},{"start":{"line":15,"column":15},"end":{"line":15,"column":39}}],"line":15},"3":{"loc":{"start":{"line":82,"column":2},"end":{"line":85,"column":3}},"type":"if","locations":[{"start":{"line":82,"column":2},"end":{"line":85,"column":3}},{"start":{},"end":{}}],"line":82},"4":{"loc":{"start":{"line":82,"column":6},"end":{"line":82,"column":57}},"type":"binary-expr","locations":[{"start":{"line":82,"column":6},"end":{"line":82,"column":28}},{"start":{"line":82,"column":32},"end":{"line":82,"column":57}}],"line":82},"5":{"loc":{"start":{"line":91,"column":4},"end":{"line":94,"column":5}},"type":"if","locations":[{"start":{"line":91,"column":4},"end":{"line":94,"column":5}},{"start":{},"end":{}}],"line":91},"6":{"loc":{"start":{"line":97,"column":4},"end":{"line":100,"column":5}},"type":"if","locations":[{"start":{"line":97,"column":4},"end":{"line":100,"column":5}},{"start":{},"end":{}}],"line":97},"7":{"loc":{"start":{"line":119,"column":18},"end":{"line":119,"column":63}},"type":"binary-expr","locations":[{"start":{"line":119,"column":18},"end":{"line":119,"column":57}},{"start":{"line":119,"column":61},"end":{"line":119,"column":63}}],"line":119},"8":{"loc":{"start":{"line":135,"column":4},"end":{"line":141,"column":5}},"type":"if","locations":[{"start":{"line":135,"column":4},"end":{"line":141,"column":5}},{"start":{"line":138,"column":11},"end":{"line":141,"column":5}}],"line":135},"9":{"loc":{"start":{"line":135,"column":8},"end":{"line":135,"column":66}},"type":"binary-expr","locations":[{"start":{"line":135,"column":8},"end":{"line":135,"column":15}},{"start":{"line":135,"column":19},"end":{"line":135,"column":38}},{"start":{"line":135,"column":42},"end":{"line":135,"column":66}}],"line":135},"10":{"loc":{"start":{"line":160,"column":6},"end":{"line":162,"column":7}},"type":"if","locations":[{"start":{"line":160,"column":6},"end":{"line":162,"column":7}},{"start":{},"end":{}}],"line":160},"11":{"loc":{"start":{"line":171,"column":4},"end":{"line":174,"column":5}},"type":"if","locations":[{"start":{"line":171,"column":4},"end":{"line":174,"column":5}},{"start":{},"end":{}}],"line":171},"12":{"loc":{"start":{"line":196,"column":2},"end":{"line":199,"column":3}},"type":"if","locations":[{"start":{"line":196,"column":2},"end":{"line":199,"column":3}},{"start":{},"end":{}}],"line":196},"13":{"loc":{"start":{"line":196,"column":6},"end":{"line":196,"column":57}},"type":"binary-expr","locations":[{"start":{"line":196,"column":6},"end":{"line":196,"column":28}},{"start":{"line":196,"column":32},"end":{"line":196,"column":57}}],"line":196},"14":{"loc":{"start":{"line":206,"column":4},"end":{"line":209,"column":5}},"type":"if","locations":[{"start":{"line":206,"column":4},"end":{"line":209,"column":5}},{"start":{},"end":{}}],"line":206},"15":{"loc":{"start":{"line":212,"column":4},"end":{"line":215,"column":5}},"type":"if","locations":[{"start":{"line":212,"column":4},"end":{"line":215,"column":5}},{"start":{},"end":{}}],"line":212},"16":{"loc":{"start":{"line":235,"column":18},"end":{"line":235,"column":63}},"type":"binary-expr","locations":[{"start":{"line":235,"column":18},"end":{"line":235,"column":57}},{"start":{"line":235,"column":61},"end":{"line":235,"column":63}}],"line":235},"17":{"loc":{"start":{"line":257,"column":4},"end":{"line":260,"column":5}},"type":"if","locations":[{"start":{"line":257,"column":4},"end":{"line":260,"column":5}},{"start":{},"end":{}}],"line":257},"18":{"loc":{"start":{"line":257,"column":8},"end":{"line":257,"column":106}},"type":"binary-expr","locations":[{"start":{"line":257,"column":8},"end":{"line":257,"column":37}},{"start":{"line":257,"column":41},"end":{"line":257,"column":78}},{"start":{"line":257,"column":82},"end":{"line":257,"column":106}}],"line":257},"19":{"loc":{"start":{"line":291,"column":2},"end":{"line":293,"column":3}},"type":"if","locations":[{"start":{"line":291,"column":2},"end":{"line":293,"column":3}},{"start":{},"end":{}}],"line":291},"20":{"loc":{"start":{"line":296,"column":2},"end":{"line":313,"column":3}},"type":"if","locations":[{"start":{"line":296,"column":2},"end":{"line":313,"column":3}},{"start":{"line":310,"column":9},"end":{"line":313,"column":3}}],"line":296},"21":{"loc":{"start":{"line":297,"column":4},"end":{"line":308,"column":5}},"type":"if","locations":[{"start":{"line":297,"column":4},"end":{"line":308,"column":5}},{"start":{"line":299,"column":11},"end":{"line":308,"column":5}}],"line":297},"22":{"loc":{"start":{"line":299,"column":11},"end":{"line":308,"column":5}},"type":"if","locations":[{"start":{"line":299,"column":11},"end":{"line":308,"column":5}},{"start":{"line":301,"column":11},"end":{"line":308,"column":5}}],"line":299},"23":{"loc":{"start":{"line":305,"column":6},"end":{"line":307,"column":7}},"type":"if","locations":[{"start":{"line":305,"column":6},"end":{"line":307,"column":7}},{"start":{},"end":{}}],"line":305},"24":{"loc":{"start":{"line":348,"column":6},"end":{"line":348,"column":49}},"type":"if","locations":[{"start":{"line":348,"column":6},"end":{"line":348,"column":49}},{"start":{},"end":{}}],"line":348},"25":{"loc":{"start":{"line":350,"column":6},"end":{"line":350,"column":40}},"type":"if","locations":[{"start":{"line":350,"column":6},"end":{"line":350,"column":40}},{"start":{},"end":{}}],"line":350},"26":{"loc":{"start":{"line":352,"column":4},"end":{"line":352,"column":38}},"type":"if","locations":[{"start":{"line":352,"column":4},"end":{"line":352,"column":38}},{"start":{},"end":{}}],"line":352},"27":{"loc":{"start":{"line":356,"column":2},"end":{"line":371,"column":3}},"type":"if","locations":[{"start":{"line":356,"column":2},"end":{"line":371,"column":3}},{"start":{},"end":{}}],"line":356},"28":{"loc":{"start":{"line":362,"column":6},"end":{"line":369,"column":7}},"type":"if","locations":[{"start":{"line":362,"column":6},"end":{"line":369,"column":7}},{"start":{},"end":{}}],"line":362},"29":{"loc":{"start":{"line":364,"column":8},"end":{"line":366,"column":9}},"type":"if","locations":[{"start":{"line":364,"column":8},"end":{"line":366,"column":9}},{"start":{},"end":{}}],"line":364},"30":{"loc":{"start":{"line":368,"column":8},"end":{"line":368,"column":42}},"type":"if","locations":[{"start":{"line":368,"column":8},"end":{"line":368,"column":42}},{"start":{},"end":{}}],"line":368},"31":{"loc":{"start":{"line":385,"column":2},"end":{"line":387,"column":3}},"type":"if","locations":[{"start":{"line":385,"column":2},"end":{"line":387,"column":3}},{"start":{},"end":{}}],"line":385},"32":{"loc":{"start":{"line":385,"column":6},"end":{"line":385,"column":103}},"type":"binary-expr","locations":[{"start":{"line":385,"column":6},"end":{"line":385,"column":35}},{"start":{"line":385,"column":39},"end":{"line":385,"column":67}},{"start":{"line":385,"column":71},"end":{"line":385,"column":103}}],"line":385},"33":{"loc":{"start":{"line":388,"column":2},"end":{"line":390,"column":3}},"type":"if","locations":[{"start":{"line":388,"column":2},"end":{"line":390,"column":3}},{"start":{},"end":{}}],"line":388},"34":{"loc":{"start":{"line":388,"column":6},"end":{"line":388,"column":106}},"type":"binary-expr","locations":[{"start":{"line":388,"column":6},"end":{"line":388,"column":37}},{"start":{"line":388,"column":41},"end":{"line":388,"column":72}},{"start":{"line":388,"column":76},"end":{"line":388,"column":106}}],"line":388},"35":{"loc":{"start":{"line":391,"column":2},"end":{"line":393,"column":3}},"type":"if","locations":[{"start":{"line":391,"column":2},"end":{"line":393,"column":3}},{"start":{},"end":{}}],"line":391},"36":{"loc":{"start":{"line":391,"column":6},"end":{"line":391,"column":72}},"type":"binary-expr","locations":[{"start":{"line":391,"column":6},"end":{"line":391,"column":37}},{"start":{"line":391,"column":41},"end":{"line":391,"column":72}}],"line":391},"37":{"loc":{"start":{"line":394,"column":2},"end":{"line":396,"column":3}},"type":"if","locations":[{"start":{"line":394,"column":2},"end":{"line":396,"column":3}},{"start":{},"end":{}}],"line":394},"38":{"loc":{"start":{"line":394,"column":6},"end":{"line":394,"column":110}},"type":"binary-expr","locations":[{"start":{"line":394,"column":6},"end":{"line":394,"column":37}},{"start":{"line":394,"column":41},"end":{"line":394,"column":74}},{"start":{"line":394,"column":78},"end":{"line":394,"column":110}}],"line":394},"39":{"loc":{"start":{"line":397,"column":2},"end":{"line":399,"column":3}},"type":"if","locations":[{"start":{"line":397,"column":2},"end":{"line":399,"column":3}},{"start":{},"end":{}}],"line":397},"40":{"loc":{"start":{"line":397,"column":6},"end":{"line":397,"column":103}},"type":"binary-expr","locations":[{"start":{"line":397,"column":6},"end":{"line":397,"column":35}},{"start":{"line":397,"column":39},"end":{"line":397,"column":68}},{"start":{"line":397,"column":72},"end":{"line":397,"column":103}}],"line":397},"41":{"loc":{"start":{"line":412,"column":30},"end":{"line":412,"column":75}},"type":"binary-expr","locations":[{"start":{"line":412,"column":30},"end":{"line":412,"column":51}},{"start":{"line":412,"column":55},"end":{"line":412,"column":75}}],"line":412},"42":{"loc":{"start":{"line":442,"column":4},"end":{"line":447,"column":5}},"type":"if","locations":[{"start":{"line":442,"column":4},"end":{"line":447,"column":5}},{"start":{},"end":{}}],"line":442},"43":{"loc":{"start":{"line":445,"column":8},"end":{"line":445,"column":54}},"type":"binary-expr","locations":[{"start":{"line":445,"column":8},"end":{"line":445,"column":23}},{"start":{"line":445,"column":27},"end":{"line":445,"column":54}}],"line":445},"44":{"loc":{"start":{"line":449,"column":4},"end":{"line":459,"column":5}},"type":"if","locations":[{"start":{"line":449,"column":4},"end":{"line":459,"column":5}},{"start":{},"end":{}}],"line":449},"45":{"loc":{"start":{"line":456,"column":6},"end":{"line":458,"column":7}},"type":"if","locations":[{"start":{"line":456,"column":6},"end":{"line":458,"column":7}},{"start":{},"end":{}}],"line":456},"46":{"loc":{"start":{"line":456,"column":10},"end":{"line":456,"column":48}},"type":"binary-expr","locations":[{"start":{"line":456,"column":10},"end":{"line":456,"column":30}},{"start":{"line":456,"column":34},"end":{"line":456,"column":48}}],"line":456},"47":{"loc":{"start":{"line":471,"column":43},"end":{"line":471,"column":58}},"type":"default-arg","locations":[{"start":{"line":471,"column":56},"end":{"line":471,"column":58}}],"line":471},"48":{"loc":{"start":{"line":491,"column":2},"end":{"line":493,"column":3}},"type":"if","locations":[{"start":{"line":491,"column":2},"end":{"line":493,"column":3}},{"start":{},"end":{}}],"line":491},"49":{"loc":{"start":{"line":491,"column":6},"end":{"line":491,"column":57}},"type":"binary-expr","locations":[{"start":{"line":491,"column":6},"end":{"line":491,"column":28}},{"start":{"line":491,"column":32},"end":{"line":491,"column":57}}],"line":491},"50":{"loc":{"start":{"line":497,"column":31},"end":{"line":506,"column":25}},"type":"binary-expr","locations":[{"start":{"line":497,"column":31},"end":{"line":506,"column":14}},{"start":{"line":506,"column":18},"end":{"line":506,"column":25}}],"line":497},"51":{"loc":{"start":{"line":509,"column":4},"end":{"line":512,"column":5}},"type":"if","locations":[{"start":{"line":509,"column":4},"end":{"line":512,"column":5}},{"start":{},"end":{}}],"line":509},"52":{"loc":{"start":{"line":530,"column":22},"end":{"line":530,"column":67}},"type":"binary-expr","locations":[{"start":{"line":530,"column":22},"end":{"line":530,"column":61}},{"start":{"line":530,"column":65},"end":{"line":530,"column":67}}],"line":530},"53":{"loc":{"start":{"line":537,"column":4},"end":{"line":539,"column":5}},"type":"if","locations":[{"start":{"line":537,"column":4},"end":{"line":539,"column":5}},{"start":{},"end":{}}],"line":537},"54":{"loc":{"start":{"line":537,"column":8},"end":{"line":537,"column":46}},"type":"binary-expr","locations":[{"start":{"line":537,"column":8},"end":{"line":537,"column":20}},{"start":{"line":537,"column":24},"end":{"line":537,"column":46}}],"line":537}},"s":{"0":3,"1":3,"2":3,"3":31,"4":1,"5":31,"6":3,"7":3,"8":58,"9":38,"10":38,"11":20,"12":20,"13":20,"14":0,"15":0,"16":20,"17":20,"18":0,"19":0,"20":20,"21":15,"22":15,"23":15,"24":15,"25":15,"26":15,"27":15,"28":15,"29":15,"30":0,"31":0,"32":4,"33":4,"34":42,"35":42,"36":42,"37":294,"38":294,"39":2394,"40":43,"41":42,"42":42,"43":42,"44":294,"45":23,"46":23,"47":42,"48":58,"49":25,"50":16,"51":16,"52":9,"53":9,"54":9,"55":9,"56":6,"57":6,"58":3,"59":3,"60":0,"61":0,"62":3,"63":3,"64":3,"65":3,"66":3,"67":3,"68":3,"69":3,"70":3,"71":3,"72":3,"73":0,"74":0,"75":3,"76":0,"77":0,"78":0,"79":22,"80":22,"81":22,"82":21,"83":21,"84":21,"85":21,"86":11,"87":21,"88":10,"89":4,"90":6,"91":5,"92":1,"93":1,"94":1,"95":1,"96":10,"97":11,"98":21,"99":21,"100":21,"101":21,"102":21,"103":189,"104":189,"105":11,"106":11,"107":11,"108":0,"109":11,"110":11,"111":0,"112":189,"113":0,"114":21,"115":15,"116":123,"117":15,"118":16,"119":16,"120":16,"121":6,"122":6,"123":0,"124":6,"125":6,"126":2,"127":21,"128":21,"129":21,"130":2,"131":19,"132":0,"133":19,"134":0,"135":19,"136":3,"137":16,"138":0,"139":16,"140":16,"141":25,"142":25,"143":25,"144":3,"145":16,"146":16,"147":16,"148":20,"149":20,"150":20,"151":20,"152":13,"153":20,"154":20,"155":8,"156":28,"157":8,"158":8,"159":16,"160":15,"161":15,"162":14,"163":13,"164":13,"165":30,"166":22,"167":8,"168":8,"169":8,"170":8,"171":0,"172":0,"173":8,"174":7,"175":7,"176":7,"177":7,"178":0,"179":7,"180":0,"181":0,"182":3},"f":{"0":31,"1":58,"2":42,"3":58,"4":25,"5":22,"6":21,"7":123,"8":21,"9":25,"10":16,"11":20,"12":28,"13":15,"14":30},"b":{"0":[3,1],"1":[1,30],"2":[31,1],"3":[38,20],"4":[58,20],"5":[0,20],"6":[0,20],"7":[15,0],"8":[15,0],"9":[15,15,15],"10":[43,2351],"11":[23,271],"12":[16,9],"13":[25,9],"14":[6,3],"15":[0,3],"16":[3,0],"17":[0,3],"18":[3,3,3],"19":[11,10],"20":[10,11],"21":[4,6],"22":[5,1],"23":[1,0],"24":[0,11],"25":[0,11],"26":[0,189],"27":[15,6],"28":[6,10],"29":[0,6],"30":[2,4],"31":[2,19],"32":[21,19,19],"33":[0,19],"34":[19,19,19],"35":[0,19],"36":[19,19],"37":[3,16],"38":[19,19,16],"39":[0,16],"40":[16,16,16],"41":[25,2],"42":[13,7],"43":[20,18],"44":[8,12],"45":[8,0],"46":[8,0],"47":[0],"48":[22,8],"49":[30,8],"50":[8,3],"51":[0,8],"52":[7,0],"53":[0,7],"54":[7,7]},"_coverageSchema":"1a1c01bbd47fc00a2c39e90264f33305004495a9","hash":"e4f35a21f0c9506372f22a27dc687e02d12d502d"}
}
