TN:
SF:src\app.js
FN:13,(anonymous_0)
FN:15,(anonymous_1)
FN:27,(anonymous_2)
FN:32,(anonymous_3)
FN:83,(anonymous_4)
FN:88,(anonymous_5)
FNF:6
FNH:5
FNDA:65,(anonymous_0)
FNDA:63,(anonymous_1)
FNDA:1,(anonymous_2)
FNDA:7,(anonymous_3)
FNDA:1,(anonymous_4)
FNDA:0,(anonymous_5)
DA:1,2
DA:2,2
DA:3,2
DA:5,2
DA:6,2
DA:7,2
DA:8,2
DA:10,2
DA:13,2
DA:14,65
DA:15,65
DA:16,63
DA:17,63
DA:19,65
DA:23,2
DA:24,2
DA:27,2
DA:28,1
DA:32,2
DA:33,7
DA:36,7
DA:37,7
DA:38,7
DA:39,7
DA:41,7
DA:42,5
DA:43,5
DA:44,5
DA:45,5
DA:49,2
DA:50,0
DA:51,0
DA:52,0
DA:53,0
DA:59,7
DA:77,2
DA:78,2
DA:79,2
DA:80,2
DA:83,2
DA:84,1
DA:88,2
DA:89,0
DA:90,0
DA:93,2
LF:45
LH:39
BRDA:33,0,0,7
BRDA:33,0,1,1
BRDA:41,1,0,5
BRDA:41,1,1,2
BRDA:41,2,0,7
BRDA:41,2,1,6
BRDA:49,3,0,0
BRDA:49,3,1,2
BRDA:49,4,0,2
BRDA:49,4,1,0
BRDA:67,5,0,7
BRDA:67,5,1,0
BRDA:68,6,0,7
BRDA:68,6,1,0
BRF:14
BRH:10
end_of_record
TN:
SF:src\models\Habit.js
FN:5,(anonymous_0)
FN:14,(anonymous_1)
FN:19,(anonymous_2)
FN:27,(anonymous_3)
FN:35,(anonymous_4)
FN:39,(anonymous_5)
FNF:6
FNH:5
FNDA:10,(anonymous_0)
FNDA:4,(anonymous_1)
FNDA:10,(anonymous_2)
FNDA:1,(anonymous_3)
FNDA:1,(anonymous_4)
FNDA:0,(anonymous_5)
DA:1,2
DA:2,2
DA:6,10
DA:7,10
DA:11,9
DA:15,4
DA:16,4
DA:20,10
DA:24,10
DA:28,1
DA:32,1
DA:36,1
DA:40,0
DA:51,0
DA:55,2
LF:15
LH:13
BRDA:5,0,0,0
BRDA:16,1,0,4
BRDA:16,1,1,1
BRDA:32,2,0,1
BRDA:32,2,1,0
BRF:5
BRH:3
end_of_record
TN:
SF:src\models\HabitCompletion.js
FN:5,(anonymous_0)
FN:23,(anonymous_1)
FN:28,(anonymous_2)
FN:39,(anonymous_3)
FN:52,(anonymous_4)
FN:56,(anonymous_5)
FNF:6
FNH:2
FNDA:1,(anonymous_0)
FNDA:0,(anonymous_1)
FNDA:0,(anonymous_2)
FNDA:1,(anonymous_3)
FNDA:0,(anonymous_4)
FNDA:0,(anonymous_5)
DA:1,2
DA:2,2
DA:6,1
DA:7,1
DA:17,1
DA:18,1
DA:20,0
DA:24,0
DA:25,0
DA:29,0
DA:36,0
DA:40,1
DA:49,1
DA:53,0
DA:57,0
DA:67,2
LF:16
LH:9
BRDA:17,0,0,1
BRDA:17,0,1,0
BRDA:25,1,0,0
BRDA:25,1,1,0
BRDA:36,2,0,0
BRDA:36,2,1,0
BRF:6
BRH:1
end_of_record
TN:
SF:src\models\JournalEntry.js
FN:5,(anonymous_0)
FN:18,(anonymous_1)
FN:23,(anonymous_2)
FN:36,(anonymous_3)
FN:49,(anonymous_4)
FN:62,(anonymous_5)
FN:66,(anonymous_6)
FN:78,(anonymous_7)
FNF:8
FNH:5
FNDA:6,(anonymous_0)
FNDA:2,(anonymous_1)
FNDA:1,(anonymous_2)
FNDA:1,(anonymous_3)
FNDA:0,(anonymous_4)
FNDA:0,(anonymous_5)
FNDA:0,(anonymous_6)
FNDA:2,(anonymous_7)
DA:1,2
DA:2,2
DA:6,6
DA:7,6
DA:15,5
DA:19,2
DA:20,1
DA:24,1
DA:33,1
DA:37,1
DA:46,1
DA:50,0
DA:59,0
DA:63,0
DA:67,0
DA:75,0
DA:79,2
DA:87,2
DA:91,2
LF:19
LH:14
BRDA:5,0,0,0
BRDA:5,1,0,0
BRDA:5,2,0,0
BRDA:20,3,0,1
BRDA:20,3,1,0
BRDA:23,4,0,0
BRDA:23,5,0,0
BRDA:46,6,0,1
BRDA:46,6,1,1
BRDA:59,7,0,0
BRDA:59,7,1,0
BRF:11
BRH:3
end_of_record
TN:
SF:src\models\User.js
FN:5,(anonymous_0)
FN:14,(anonymous_1)
FN:19,(anonymous_2)
FN:24,(anonymous_3)
FNF:4
FNH:4
FNDA:20,(anonymous_0)
FNDA:23,(anonymous_1)
FNDA:21,(anonymous_2)
FNDA:21,(anonymous_3)
DA:1,2
DA:2,2
DA:6,20
DA:7,20
DA:11,20
DA:15,23
DA:16,22
DA:20,21
DA:21,21
DA:25,21
DA:26,21
DA:27,20
DA:29,21
DA:33,2
LF:14
LH:14
BRDA:16,0,0,22
BRDA:16,0,1,1
BRDA:21,1,0,21
BRDA:21,1,1,20
BRDA:26,2,0,20
BRDA:26,2,1,1
BRF:6
BRH:6
end_of_record
TN:
SF:src\models\database.js
FN:14,query
FN:18,close
FNF:2
FNH:2
FNDA:133,query
FNDA:2,close
DA:1,2
DA:3,2
DA:4,0
DA:7,2
DA:15,133
DA:19,2
DA:22,2
LF:7
LH:6
BRDA:3,0,0,0
BRDA:3,0,1,2
BRF:2
BRH:1
end_of_record
TN:
SF:src\routes\dashboard.js
FN:8,(anonymous_0)
FN:44,(anonymous_1)
FN:87,(anonymous_2)
FN:116,(anonymous_3)
FNF:4
FNH:1
FNDA:2,(anonymous_0)
FNDA:0,(anonymous_1)
FNDA:0,(anonymous_2)
FNDA:0,(anonymous_3)
DA:1,2
DA:2,2
DA:3,2
DA:4,2
DA:5,2
DA:8,2
DA:9,2
DA:10,2
DA:11,2
DA:14,0
DA:15,0
DA:18,0
DA:21,0
DA:24,0
DA:27,0
DA:28,0
DA:31,0
DA:32,0
DA:33,0
DA:34,0
DA:39,0
DA:40,0
DA:41,0
DA:44,0
DA:45,0
DA:49,0
DA:50,0
DA:51,0
DA:52,0
DA:53,0
DA:57,0
DA:58,0
DA:59,0
DA:60,0
DA:61,0
DA:63,0
DA:64,0
DA:65,0
DA:67,0
DA:68,0
DA:69,0
DA:70,0
DA:71,0
DA:72,0
DA:74,0
DA:76,0
DA:81,0
DA:82,0
DA:83,0
DA:84,0
DA:85,0
DA:87,0
DA:88,0
DA:89,0
DA:92,0
DA:100,0
DA:101,0
DA:102,0
DA:103,0
DA:109,0
DA:116,0
DA:125,0
DA:126,0
DA:130,2
LF:64
LH:10
BRDA:11,0,0,2
BRDA:11,0,1,0
BRDA:33,1,0,0
BRDA:33,1,1,0
BRDA:34,2,0,0
BRDA:34,2,1,0
BRDA:63,3,0,0
BRDA:63,3,1,0
BRDA:65,4,0,0
BRDA:65,4,1,0
BRDA:70,5,0,0
BRDA:70,5,1,0
BRDA:115,6,0,0
BRDA:115,6,1,0
BRF:14
BRH:1
end_of_record
TN:
SF:src\routes\habits.js
FN:7,(anonymous_0)
FN:21,(anonymous_1)
FN:44,(anonymous_2)
FN:57,(anonymous_3)
FN:76,(anonymous_4)
FN:90,(anonymous_5)
FNF:6
FNH:5
FNDA:2,(anonymous_0)
FNDA:13,(anonymous_1)
FNDA:1,(anonymous_2)
FNDA:1,(anonymous_3)
FNDA:1,(anonymous_4)
FNDA:0,(anonymous_5)
DA:1,2
DA:2,2
DA:3,2
DA:4,2
DA:7,2
DA:8,2
DA:9,2
DA:10,2
DA:12,1
DA:13,1
DA:15,0
DA:16,0
DA:21,2
DA:22,13
DA:23,13
DA:25,13
DA:26,0
DA:29,13
DA:30,13
DA:32,11
DA:33,11
DA:35,10
DA:36,9
DA:38,1
DA:39,1
DA:44,2
DA:45,1
DA:46,1
DA:47,1
DA:49,0
DA:51,0
DA:52,0
DA:57,2
DA:58,1
DA:59,1
DA:61,1
DA:62,1
DA:64,1
DA:65,1
DA:67,1
DA:68,1
DA:70,0
DA:71,0
DA:76,2
DA:77,1
DA:78,1
DA:79,1
DA:81,1
DA:82,1
DA:84,0
DA:85,0
DA:90,2
DA:91,0
DA:92,0
DA:94,0
DA:95,0
DA:98,0
DA:99,0
DA:101,0
DA:102,0
DA:104,0
DA:105,0
DA:109,2
LF:63
LH:43
BRDA:10,0,0,1
BRDA:10,0,1,1
BRDA:25,1,0,0
BRDA:25,1,1,13
BRDA:30,2,0,2
BRDA:30,2,1,11
BRDA:33,3,0,1
BRDA:33,3,1,10
BRDA:35,4,0,10
BRDA:35,4,1,8
BRDA:47,5,0,1
BRDA:47,5,1,0
BRDA:62,6,0,0
BRDA:62,6,1,1
BRDA:65,7,0,0
BRDA:65,7,1,1
BRDA:67,8,0,1
BRDA:67,8,1,0
BRDA:79,9,0,0
BRDA:79,9,1,1
BRDA:94,10,0,0
BRDA:94,10,1,0
BRDA:94,11,0,0
BRDA:94,11,1,0
BRDA:99,12,0,0
BRDA:99,12,1,0
BRF:26
BRH:14
end_of_record
TN:
SF:src\routes\helpers.js
FN:5,requireString
FN:13,getUserOr404
FN:26,getHabitOr404
FNF:3
FNH:3
FNDA:46,requireString
FNDA:24,getUserOr404
FNDA:3,getHabitOr404
DA:1,2
DA:2,2
DA:3,2
DA:6,46
DA:7,4
DA:8,4
DA:10,42
DA:14,24
DA:15,3
DA:16,3
DA:18,21
DA:19,21
DA:20,1
DA:21,1
DA:23,20
DA:27,3
DA:28,0
DA:29,0
DA:31,3
DA:32,3
DA:33,1
DA:34,1
DA:36,2
DA:39,2
LF:24
LH:22
BRDA:6,0,0,4
BRDA:6,0,1,42
BRDA:6,1,0,46
BRDA:6,1,1,42
BRDA:6,1,2,42
BRDA:14,2,0,3
BRDA:14,2,1,21
BRDA:19,3,0,1
BRDA:19,3,1,20
BRDA:27,4,0,0
BRDA:27,4,1,3
BRDA:32,5,0,1
BRDA:32,5,1,2
BRF:13
BRH:12
end_of_record
TN:
SF:src\routes\journal.js
FN:10,(anonymous_0)
FN:37,(anonymous_1)
FN:87,(anonymous_2)
FN:108,(anonymous_3)
FN:162,(anonymous_4)
FN:179,(anonymous_5)
FNF:6
FNH:4
FNDA:1,(anonymous_0)
FNDA:9,(anonymous_1)
FNDA:0,(anonymous_2)
FNDA:1,(anonymous_3)
FNDA:0,(anonymous_4)
FNDA:1,(anonymous_5)
DA:1,2
DA:2,2
DA:3,2
DA:4,2
DA:5,2
DA:6,2
DA:7,2
DA:10,2
DA:11,1
DA:12,1
DA:13,1
DA:15,1
DA:16,1
DA:17,1
DA:20,1
DA:21,1
DA:22,2
DA:23,2
DA:29,1
DA:31,0
DA:32,0
DA:37,2
DA:38,9
DA:39,9
DA:41,9
DA:42,0
DA:45,9
DA:46,9
DA:48,8
DA:49,8
DA:52,8
DA:55,8
DA:58,6
DA:67,5
DA:68,5
DA:69,1
DA:70,1
DA:71,1
DA:72,1
DA:76,5
DA:81,1
DA:82,1
DA:87,2
DA:88,0
DA:89,0
DA:91,0
DA:92,0
DA:95,0
DA:97,0
DA:102,0
DA:103,0
DA:108,2
DA:109,1
DA:110,1
DA:112,1
DA:113,1
DA:115,1
DA:116,1
DA:117,0
DA:121,1
DA:124,1
DA:127,1
DA:136,1
DA:137,1
DA:138,0
DA:142,1
DA:143,1
DA:144,0
DA:145,0
DA:146,0
DA:147,0
DA:151,1
DA:156,0
DA:157,0
DA:162,2
DA:163,0
DA:164,0
DA:166,0
DA:167,0
DA:170,0
DA:171,0
DA:173,0
DA:174,0
DA:179,2
DA:180,1
DA:181,1
DA:182,0
DA:183,0
DA:186,0
DA:187,0
DA:190,0
DA:195,0
DA:197,0
DA:198,0
DA:201,0
DA:202,0
DA:205,1
DA:206,1
DA:210,2
LF:99
LH:62
BRDA:13,0,0,0
BRDA:13,0,1,1
BRDA:15,1,0,1
BRDA:15,1,1,1
BRDA:16,2,0,1
BRDA:16,2,1,1
BRDA:41,3,0,0
BRDA:41,3,1,9
BRDA:46,4,0,1
BRDA:46,4,1,8
BRDA:49,5,0,0
BRDA:49,5,1,8
BRDA:70,6,0,1
BRDA:70,6,1,0
BRDA:91,7,0,0
BRDA:91,7,1,0
BRDA:113,8,0,0
BRDA:113,8,1,1
BRDA:116,9,0,0
BRDA:116,9,1,1
BRDA:145,10,0,0
BRDA:145,10,1,0
BRDA:166,11,0,0
BRDA:166,11,1,0
BRDA:182,12,0,0
BRDA:182,12,1,0
BRDA:187,13,0,0
BRDA:187,13,1,0
BRDA:195,14,0,0
BRDA:195,14,1,0
BRF:30
BRH:12
end_of_record
TN:
SF:src\routes\users.js
FN:7,(anonymous_0)
FN:21,(anonymous_1)
FNF:2
FNH:2
FNDA:22,(anonymous_0)
FNDA:2,(anonymous_1)
DA:1,2
DA:2,2
DA:3,2
DA:4,2
DA:7,2
DA:8,22
DA:9,22
DA:10,22
DA:12,21
DA:13,21
DA:15,0
DA:16,0
DA:21,2
DA:22,2
DA:23,2
DA:25,1
DA:26,0
DA:29,1
DA:31,1
DA:32,1
DA:36,2
LF:21
LH:18
BRDA:10,0,0,1
BRDA:10,0,1,21
BRDA:25,1,0,0
BRDA:25,1,1,1
BRF:4
BRH:3
end_of_record
TN:
SF:src\services\aiService.js
FN:14,initializeGroq
FN:81,detectEmotionAI
FN:153,detectEmotionLocal
FN:185,detectEmotion
FN:194,generateSummary
FN:275,generateSummaryLocal
FN:323,extractActivities
FN:357,(anonymous_7)
FN:381,detectMainTheme
FN:411,getAffirmationLocal
FN:431,detectCompletedHabits
FN:444,(anonymous_11)
FN:451,(anonymous_12)
FN:471,generateReflection
FN:490,generateAffirmation
FNF:15
FNH:15
FNDA:31,initializeGroq
FNDA:58,detectEmotionAI
FNDA:42,detectEmotionLocal
FNDA:58,detectEmotion
FNDA:25,generateSummary
FNDA:22,generateSummaryLocal
FNDA:21,extractActivities
FNDA:123,(anonymous_7)
FNDA:21,detectMainTheme
FNDA:25,getAffirmationLocal
FNDA:16,detectCompletedHabits
FNDA:20,(anonymous_11)
FNDA:28,(anonymous_12)
FNDA:15,generateReflection
FNDA:30,generateAffirmation
DA:8,3
DA:10,3
DA:11,3
DA:15,31
DA:16,1
DA:18,31
DA:22,3
DA:33,3
DA:82,58
DA:83,38
DA:84,38
DA:87,20
DA:88,20
DA:91,20
DA:92,0
DA:93,0
DA:96,20
DA:97,20
DA:98,0
DA:99,0
DA:102,20
DA:119,15
DA:122,15
DA:125,15
DA:127,15
DA:130,15
DA:132,15
DA:135,15
DA:136,15
DA:137,15
DA:139,0
DA:140,0
DA:143,4
DA:144,4
DA:154,42
DA:155,42
DA:157,42
DA:158,294
DA:159,294
DA:160,2394
DA:161,43
DA:167,42
DA:168,42
DA:170,42
DA:171,294
DA:172,23
DA:173,23
DA:177,42
DA:186,58
DA:196,25
DA:197,16
DA:198,16
DA:201,9
DA:202,9
DA:203,9
DA:206,9
DA:207,6
DA:208,6
DA:211,3
DA:212,3
DA:213,0
DA:214,0
DA:218,3
DA:235,3
DA:237,3
DA:240,3
DA:243,3
DA:246,3
DA:249,3
DA:251,3
DA:254,3
DA:255,3
DA:257,3
DA:258,0
DA:259,0
DA:262,3
DA:264,0
DA:265,0
DA:266,0
DA:276,22
DA:278,22
DA:281,22
DA:282,21
DA:285,21
DA:288,21
DA:291,21
DA:292,11
DA:296,21
DA:297,10
DA:298,4
DA:299,6
DA:300,5
DA:303,1
DA:304,1
DA:305,1
DA:306,1
DA:309,10
DA:312,11
DA:315,21
DA:324,21
DA:325,21
DA:328,21
DA:342,21
DA:343,189
DA:344,189
DA:345,11
DA:347,11
DA:348,11
DA:349,11
DA:350,11
DA:352,189
DA:356,21
DA:357,123
DA:358,15
DA:359,16
DA:361,16
DA:362,16
DA:363,6
DA:364,6
DA:365,0
DA:367,6
DA:368,6
DA:373,21
DA:382,21
DA:385,21
DA:386,2
DA:388,19
DA:389,0
DA:391,19
DA:392,0
DA:394,19
DA:395,3
DA:397,16
DA:398,0
DA:402,16
DA:403,16
DA:412,25
DA:413,25
DA:414,25
DA:418,3
DA:432,16
DA:433,16
DA:435,16
DA:436,20
DA:437,20
DA:440,20
DA:442,20
DA:444,13
DA:445,20
DA:449,20
DA:451,8
DA:452,28
DA:456,8
DA:457,8
DA:462,16
DA:472,15
DA:473,15
DA:474,14
DA:475,13
DA:477,13
DA:491,30
DA:492,22
DA:495,8
DA:497,8
DA:508,8
DA:509,8
DA:510,0
DA:511,0
DA:514,8
DA:530,7
DA:533,7
DA:534,7
DA:537,7
DA:538,0
DA:541,7
DA:543,0
DA:544,0
DA:548,3
LF:178
LH:156
BRDA:11,0,0,3
BRDA:11,0,1,1
BRDA:15,1,0,1
BRDA:15,1,1,30
BRDA:15,2,0,31
BRDA:15,2,1,1
BRDA:82,3,0,38
BRDA:82,3,1,20
BRDA:82,4,0,58
BRDA:82,4,1,20
BRDA:91,5,0,0
BRDA:91,5,1,20
BRDA:97,6,0,0
BRDA:97,6,1,20
BRDA:119,7,0,15
BRDA:119,7,1,0
BRDA:135,8,0,15
BRDA:135,8,1,0
BRDA:135,9,0,15
BRDA:135,9,1,15
BRDA:135,9,2,15
BRDA:160,10,0,43
BRDA:160,10,1,2351
BRDA:171,11,0,23
BRDA:171,11,1,271
BRDA:196,12,0,16
BRDA:196,12,1,9
BRDA:196,13,0,25
BRDA:196,13,1,9
BRDA:206,14,0,6
BRDA:206,14,1,3
BRDA:212,15,0,0
BRDA:212,15,1,3
BRDA:235,16,0,3
BRDA:235,16,1,0
BRDA:257,17,0,0
BRDA:257,17,1,3
BRDA:257,18,0,3
BRDA:257,18,1,3
BRDA:257,18,2,3
BRDA:291,19,0,11
BRDA:291,19,1,10
BRDA:296,20,0,10
BRDA:296,20,1,11
BRDA:297,21,0,4
BRDA:297,21,1,6
BRDA:299,22,0,5
BRDA:299,22,1,1
BRDA:305,23,0,1
BRDA:305,23,1,0
BRDA:348,24,0,0
BRDA:348,24,1,11
BRDA:350,25,0,0
BRDA:350,25,1,11
BRDA:352,26,0,0
BRDA:352,26,1,189
BRDA:356,27,0,15
BRDA:356,27,1,6
BRDA:362,28,0,6
BRDA:362,28,1,10
BRDA:364,29,0,0
BRDA:364,29,1,6
BRDA:368,30,0,2
BRDA:368,30,1,4
BRDA:385,31,0,2
BRDA:385,31,1,19
BRDA:385,32,0,21
BRDA:385,32,1,19
BRDA:385,32,2,19
BRDA:388,33,0,0
BRDA:388,33,1,19
BRDA:388,34,0,19
BRDA:388,34,1,19
BRDA:388,34,2,19
BRDA:391,35,0,0
BRDA:391,35,1,19
BRDA:391,36,0,19
BRDA:391,36,1,19
BRDA:394,37,0,3
BRDA:394,37,1,16
BRDA:394,38,0,19
BRDA:394,38,1,19
BRDA:394,38,2,16
BRDA:397,39,0,0
BRDA:397,39,1,16
BRDA:397,40,0,16
BRDA:397,40,1,16
BRDA:397,40,2,16
BRDA:412,41,0,25
BRDA:412,41,1,2
BRDA:442,42,0,13
BRDA:442,42,1,7
BRDA:445,43,0,20
BRDA:445,43,1,18
BRDA:449,44,0,8
BRDA:449,44,1,12
BRDA:456,45,0,8
BRDA:456,45,1,0
BRDA:456,46,0,8
BRDA:456,46,1,0
BRDA:471,47,0,0
BRDA:491,48,0,22
BRDA:491,48,1,8
BRDA:491,49,0,30
BRDA:491,49,1,8
BRDA:497,50,0,8
BRDA:497,50,1,3
BRDA:509,51,0,0
BRDA:509,51,1,8
BRDA:530,52,0,7
BRDA:530,52,1,0
BRDA:537,53,0,0
BRDA:537,53,1,7
BRDA:537,54,0,7
BRDA:537,54,1,7
BRF:115
BRH:94
end_of_record
