TN:
SF:src\services\aiService.js
FN:71,detectEmotion
FN:103,generateSummary
FN:176,generateSummaryLocal
FN:224,extractActivities
FN:258,(anonymous_4)
FN:282,detectMainTheme
FN:312,getAffirmationLocal
FN:332,detectCompletedHabits
FN:345,(anonymous_8)
FN:352,(anonymous_9)
FN:372,generateReflection
FN:391,generateAffirmation
FNF:12
FNH:12
FNDA:38,detectEmotion
FNDA:16,generateSummary
FNDA:16,generateSummaryLocal
FNDA:16,extractActivities
FNDA:118,(anonymous_4)
FNDA:16,detectMainTheme
FNDA:25,getAffirmationLocal
FNDA:9,detectCompletedHabits
FNDA:19,(anonymous_8)
FNDA:27,(anonymous_9)
FNDA:6,generateReflection
FNDA:22,generateAffirmation
DA:6,1
DA:8,1
DA:9,1
DA:12,1
DA:23,1
DA:72,38
DA:73,38
DA:75,38
DA:76,266
DA:77,266
DA:78,2166
DA:79,42
DA:85,38
DA:86,38
DA:88,38
DA:89,266
DA:90,22
DA:91,22
DA:95,38
DA:105,16
DA:106,16
DA:107,16
DA:110,0
DA:111,0
DA:112,0
DA:115,0
DA:116,0
DA:117,0
DA:121,0
DA:127,0
DA:139,0
DA:141,0
DA:144,0
DA:145,0
DA:146,0
DA:148,0
DA:151,0
DA:152,0
DA:154,0
DA:155,0
DA:156,0
DA:159,0
DA:161,0
DA:162,0
DA:163,0
DA:164,0
DA:165,0
DA:167,0
DA:177,16
DA:179,16
DA:182,16
DA:183,16
DA:186,16
DA:189,16
DA:192,16
DA:193,10
DA:197,16
DA:198,10
DA:199,4
DA:200,6
DA:201,5
DA:204,1
DA:205,1
DA:206,1
DA:207,1
DA:210,10
DA:213,6
DA:216,16
DA:225,16
DA:226,16
DA:229,16
DA:243,16
DA:244,144
DA:245,144
DA:246,11
DA:248,11
DA:249,11
DA:250,11
DA:251,11
DA:253,144
DA:257,16
DA:258,118
DA:259,10
DA:260,11
DA:262,11
DA:263,11
DA:264,6
DA:265,6
DA:266,0
DA:268,6
DA:269,6
DA:274,16
DA:283,16
DA:286,16
DA:287,2
DA:289,14
DA:290,0
DA:292,14
DA:293,0
DA:295,14
DA:296,3
DA:298,11
DA:299,0
DA:303,11
DA:304,11
DA:313,25
DA:314,25
DA:315,25
DA:319,1
DA:333,9
DA:334,9
DA:336,9
DA:337,18
DA:338,18
DA:341,18
DA:343,18
DA:345,12
DA:346,19
DA:350,18
DA:352,7
DA:353,27
DA:357,7
DA:358,7
DA:363,9
DA:373,6
DA:374,6
DA:375,6
DA:376,6
DA:378,6
DA:392,22
DA:393,22
DA:396,0
DA:397,0
DA:408,0
DA:410,0
DA:421,0
DA:422,0
DA:423,0
DA:426,0
DA:429,0
DA:430,0
DA:433,0
DA:435,0
DA:436,0
DA:440,1
LF:145
LH:102
BRDA:78,0,0,42
BRDA:78,0,1,2124
BRDA:89,1,0,22
BRDA:89,1,1,244
BRDA:105,2,0,16
BRDA:105,2,1,0
BRDA:105,3,0,16
BRDA:105,3,1,0
BRDA:115,4,0,0
BRDA:115,4,1,0
BRDA:141,5,0,0
BRDA:141,5,1,0
BRDA:154,6,0,0
BRDA:154,6,1,0
BRDA:154,7,0,0
BRDA:154,7,1,0
BRDA:154,7,2,0
BRDA:163,8,0,0
BRDA:163,8,1,0
BRDA:192,9,0,10
BRDA:192,9,1,6
BRDA:197,10,0,10
BRDA:197,10,1,6
BRDA:198,11,0,4
BRDA:198,11,1,6
BRDA:200,12,0,5
BRDA:200,12,1,1
BRDA:206,13,0,1
BRDA:206,13,1,0
BRDA:249,14,0,0
BRDA:249,14,1,11
BRDA:251,15,0,0
BRDA:251,15,1,11
BRDA:253,16,0,0
BRDA:253,16,1,144
BRDA:257,17,0,10
BRDA:257,17,1,6
BRDA:263,18,0,6
BRDA:263,18,1,5
BRDA:265,19,0,0
BRDA:265,19,1,6
BRDA:269,20,0,2
BRDA:269,20,1,4
BRDA:286,21,0,2
BRDA:286,21,1,14
BRDA:286,22,0,16
BRDA:286,22,1,14
BRDA:286,22,2,14
BRDA:289,23,0,0
BRDA:289,23,1,14
BRDA:289,24,0,14
BRDA:289,24,1,14
BRDA:289,24,2,14
BRDA:292,25,0,0
BRDA:292,25,1,14
BRDA:292,26,0,14
BRDA:292,26,1,14
BRDA:295,27,0,3
BRDA:295,27,1,11
BRDA:295,28,0,14
BRDA:295,28,1,14
BRDA:295,28,2,11
BRDA:298,29,0,0
BRDA:298,29,1,11
BRDA:298,30,0,11
BRDA:298,30,1,11
BRDA:298,30,2,11
BRDA:313,31,0,25
BRDA:313,31,1,2
BRDA:343,32,0,12
BRDA:343,32,1,6
BRDA:346,33,0,19
BRDA:346,33,1,17
BRDA:350,34,0,7
BRDA:350,34,1,11
BRDA:357,35,0,7
BRDA:357,35,1,0
BRDA:357,36,0,7
BRDA:357,36,1,0
BRDA:372,37,0,0
BRDA:392,38,0,22
BRDA:392,38,1,0
BRDA:392,39,0,22
BRDA:392,39,1,0
BRDA:397,40,0,0
BRDA:397,40,1,0
BRDA:429,41,0,0
BRDA:429,41,1,0
BRDA:429,42,0,0
BRDA:429,42,1,0
BRF:90
BRH:58
end_of_record
